

Processing HomeController#index (for 127.0.0.1 at 2010-11-15 19:29:44) [GET]
Rendering template within layouts/application
Rendering home/index
Completed in 19ms (View: 18, DB: 0) | 200 OK [http://localhost/home/index]


Processing ApplicationController#index (for 127.0.0.1 at 2010-11-15 19:29:44) [GET]

ActionController::RoutingError (No route matches "/stylesheets/styles.css" with {:method=>:get}):
  haml (3.0.17) rails/./lib/sass/plugin/rack.rb:41:in `call'

Rendering rescues/layout (not_found)


Processing ApplicationController#index (for 127.0.0.1 at 2010-11-15 19:29:44) [GET]

ActionController::RoutingError (No route matches "/javascripts/strftime.js" with {:method=>:get}):
  haml (3.0.17) rails/./lib/sass/plugin/rack.rb:41:in `call'

Rendering rescues/layout (not_found)


Processing HomeController#index (for 127.0.0.1 at 2010-11-15 19:30:48) [GET]
Rendering template within layouts/application
Rendering home/index
Completed in 12ms (View: 10, DB: 0) | 200 OK [http://localhost/home/index]


Processing ApplicationController#index (for 127.0.0.1 at 2010-11-15 19:30:48) [GET]

ActionController::RoutingError (No route matches "/stylesheets/styles.css" with {:method=>:get}):
  haml (3.0.17) rails/./lib/sass/plugin/rack.rb:41:in `call'

Rendering rescues/layout (not_found)


Processing HomeController#index (for 127.0.0.1 at 2010-11-15 19:33:32) [GET]
Rendering template within layouts/application
Rendering home/index

ActionView::TemplateError (Illegal nesting: nesting within plain text is illegal.) on line #4 of app/views/home/index.html.haml:
1: -content_for :javascript do
2:   :javascript
3:   function trythis(a)
4:     {
5:     	document.getElementById('format').value = a.innerHTML;
6:     	document.getElementById('try').onclick.call(document.getElementById('try'));
7:     	return false;

    app/views/home/index.html.haml:4
    haml (3.0.17) lib/haml/precompiler.rb:354:in `push_plain'
    haml (3.0.17) lib/haml/precompiler.rb:278:in `process_line'
    haml (3.0.17) lib/haml/precompiler.rb:178:in `precompile'
    haml (3.0.17) lib/haml/engine.rb:121:in `initialize'
    haml (3.0.17) rails/./lib/haml/template/plugin.rb:29:in `new'
    haml (3.0.17) rails/./lib/haml/template/plugin.rb:29:in `compile'
    haml (3.0.17) rails/./lib/haml/helpers/action_view_mods.rb:13:in `render'
    haml (3.0.17) rails/./lib/haml/helpers/action_view_mods.rb:13:in `render'
    haml (3.0.17) rails/./lib/sass/plugin/rack.rb:41:in `call'

Rendered rescues/_trace (63.4ms)
Rendered rescues/_request_and_response (1.8ms)
Rendering rescues/layout (internal_server_error)


Processing HomeController#index (for 127.0.0.1 at 2010-11-15 19:33:43) [GET]
Rendering template within layouts/application
Rendering home/index

ActionView::TemplateError (undefined method `text_input_tag' for #<ActionView::Base:0x22a716c>) on line #10 of app/views/home/index.html.haml:
7:       	return false;
8:       }
9: %h1 Hello!
10: =text_input_tag :format

    app/views/home/index.html.haml:10:in `_run_haml_app47views47home47index46html46haml'
    haml (3.0.17) rails/./lib/haml/helpers/action_view_mods.rb:13:in `render'
    haml (3.0.17) rails/./lib/haml/helpers/action_view_mods.rb:13:in `render'
    haml (3.0.17) rails/./lib/sass/plugin/rack.rb:41:in `call'

Rendered rescues/_trace (150.8ms)
Rendered rescues/_request_and_response (0.4ms)
Rendering rescues/layout (internal_server_error)


Processing HomeController#index (for 127.0.0.1 at 2010-11-15 19:34:15) [GET]
Rendering template within layouts/application
Rendering home/index
Completed in 11ms (View: 9, DB: 0) | 200 OK [http://localhost/home/index]


Processing ApplicationController#index (for 127.0.0.1 at 2010-11-15 19:34:16) [GET]

ActionController::RoutingError (No route matches "/stylesheets/styles.css" with {:method=>:get}):
  haml (3.0.17) rails/./lib/sass/plugin/rack.rb:41:in `call'

Rendering rescues/layout (not_found)


Processing HomeController#index (for 127.0.0.1 at 2010-11-15 19:36:29) [GET]
Rendering template within layouts/application
Rendering home/index
Completed in 11ms (View: 8, DB: 0) | 200 OK [http://localhost/home/index]


Processing ApplicationController#index (for 127.0.0.1 at 2010-11-15 19:36:29) [GET]

ActionController::RoutingError (No route matches "/stylesheets/styles.css" with {:method=>:get}):
  haml (3.0.17) rails/./lib/sass/plugin/rack.rb:41:in `call'

Rendering rescues/layout (not_found)


Processing HomeController#index (for 127.0.0.1 at 2010-11-15 19:39:58) [GET]
Rendering template within layouts/application
Rendering home/index
Completed in 11ms (View: 10, DB: 0) | 200 OK [http://localhost/home/index]


Processing HomeController#index (for 127.0.0.1 at 2010-11-15 19:40:00) [GET]
Rendering template within layouts/application
Rendering home/index
Completed in 4ms (View: 2, DB: 0) | 200 OK [http://localhost/home/index]


Processing ApplicationController#index (for 127.0.0.1 at 2010-11-15 19:40:01) [GET]

ActionController::RoutingError (No route matches "/stylesheets/styles.css" with {:method=>:get}):
  haml (3.0.17) rails/./lib/sass/plugin/rack.rb:41:in `call'

Rendering rescues/layout (not_found)


Processing HomeController#index (for 127.0.0.1 at 2010-11-15 19:41:07) [GET]
Rendering template within layouts/application
Rendering home/index
Completed in 17ms (View: 15, DB: 0) | 200 OK [http://localhost/home/index]


Processing HomeController#index (for 127.0.0.1 at 2010-11-15 19:41:09) [GET]
Rendering template within layouts/application
Rendering home/index
Completed in 4ms (View: 2, DB: 0) | 200 OK [http://localhost/home/index]


Processing HomeController#index (for 127.0.0.1 at 2010-11-15 19:41:22) [GET]
Rendering template within layouts/application
Rendering home/index
Completed in 4ms (View: 2, DB: 0) | 200 OK [http://localhost/home/index]


Processing ApplicationController#index (for 127.0.0.1 at 2010-11-15 19:41:22) [GET]

ActionController::RoutingError (No route matches "/stylesheets/styles.css" with {:method=>:get}):
  haml (3.0.17) rails/./lib/sass/plugin/rack.rb:41:in `call'

Rendering rescues/layout (not_found)


Processing HomeController#index (for 127.0.0.1 at 2010-11-15 19:44:24) [GET]
Rendering template within layouts/application
Rendering home/index
Completed in 11ms (View: 9, DB: 0) | 200 OK [http://localhost/home/index]


Processing ApplicationController#index (for 127.0.0.1 at 2010-11-15 19:44:24) [GET]

ActionController::RoutingError (No route matches "/stylesheets/styles.css" with {:method=>:get}):
  haml (3.0.17) rails/./lib/sass/plugin/rack.rb:41:in `call'

Rendering rescues/layout (not_found)


Processing HomeController#index (for 127.0.0.1 at 2010-11-15 19:45:14) [GET]
Rendering template within layouts/application
Rendering home/index
Completed in 11ms (View: 9, DB: 0) | 200 OK [http://localhost/home/index]


Processing ApplicationController#index (for 127.0.0.1 at 2010-11-15 19:45:14) [GET]

ActionController::RoutingError (No route matches "/stylesheets/styles.css" with {:method=>:get}):
  haml (3.0.17) rails/./lib/sass/plugin/rack.rb:41:in `call'

Rendering rescues/layout (not_found)


Processing HomeController#index (for 127.0.0.1 at 2010-11-15 19:45:24) [GET]
Rendering template within layouts/application
Rendering home/index
Completed in 11ms (View: 9, DB: 0) | 200 OK [http://localhost/home/index]


Processing ApplicationController#index (for 127.0.0.1 at 2010-11-15 19:45:24) [GET]

ActionController::RoutingError (No route matches "/stylesheets/styles.css" with {:method=>:get}):
  haml (3.0.17) rails/./lib/sass/plugin/rack.rb:41:in `call'

Rendering rescues/layout (not_found)


Processing HomeController#index (for 127.0.0.1 at 2010-11-15 19:51:29) [GET]
Rendering template within layouts/application
Rendering home/index

ActionView::TemplateError (undefined local variable or method `javascript_defaults' for #<ActionView::Base:0x23ded00>) on line #7 of app/views/layouts/application.html.haml:
4:     %title= "Strftime"
5:     %meta{"http-equiv"=>"Content-type", :content=>"text/html;charset=UTF-8"}
6:     =stylesheet_link_tag "styles"
7:     =javascript_defaults
8:     =javascript_include_tag "strftime.js"
9:     =yield :javascript
10:   %body

    app/views/layouts/application.html.haml:7:in `_run_haml_app47views47layouts47application46html46haml'
    haml (3.0.17) rails/./lib/haml/helpers/action_view_mods.rb:13:in `render'
    haml (3.0.17) rails/./lib/haml/helpers/action_view_mods.rb:13:in `render'
    haml (3.0.17) rails/./lib/sass/plugin/rack.rb:41:in `call'

Rendered rescues/_trace (49.0ms)
Rendered rescues/_request_and_response (0.4ms)
Rendering rescues/layout (internal_server_error)


Processing HomeController#index (for 127.0.0.1 at 2010-11-15 19:51:54) [GET]
Rendering template within layouts/application
Rendering home/index
Completed in 14ms (View: 11, DB: 0) | 200 OK [http://localhost/home/index]


Processing ApplicationController#index (for 127.0.0.1 at 2010-11-15 19:51:55) [GET]

ActionController::RoutingError (No route matches "/stylesheets/styles.css" with {:method=>:get}):
  haml (3.0.17) rails/./lib/sass/plugin/rack.rb:41:in `call'

Rendering rescues/layout (not_found)


Processing HomeController#index (for 127.0.0.1 at 2010-11-15 19:53:32) [GET]
Rendering template within layouts/application
Rendering home/index
Completed in 12ms (View: 10, DB: 0) | 200 OK [http://localhost/home/index]


Processing ApplicationController#index (for 127.0.0.1 at 2010-11-15 19:53:32) [GET]

ActionController::RoutingError (No route matches "/stylesheets/styles.css" with {:method=>:get}):
  haml (3.0.17) rails/./lib/sass/plugin/rack.rb:41:in `call'

Rendering rescues/layout (not_found)


Processing HomeController#index to asd (for 127.0.0.1 at 2010-11-15 19:53:36) [GET]

ActionView::MissingTemplate (Missing template home/index.erb in view path app/views):
  haml (3.0.17) rails/./lib/sass/plugin/rack.rb:41:in `call'

Rendering rescues/layout (internal_server_error)


Processing HomeController#index (for 127.0.0.1 at 2010-11-15 19:54:24) [GET]
Rendering template within layouts/application
Rendering home/index
Completed in 6ms (View: 4, DB: 0) | 200 OK [http://localhost/home/index]


Processing ApplicationController#index (for 127.0.0.1 at 2010-11-15 19:54:24) [GET]

ActionController::RoutingError (No route matches "/stylesheets/styles.css" with {:method=>:get}):
  haml (3.0.17) rails/./lib/sass/plugin/rack.rb:41:in `call'

Rendering rescues/layout (not_found)


Processing HomeController#index (for 127.0.0.1 at 2010-11-15 19:54:55) [GET]
Rendering template within layouts/application
Rendering home/index
Completed in 11ms (View: 9, DB: 0) | 200 OK [http://localhost/home/index]


Processing ApplicationController#index (for 127.0.0.1 at 2010-11-15 19:54:56) [GET]

ActionController::RoutingError (No route matches "/stylesheets/styles.css" with {:method=>:get}):
  haml (3.0.17) rails/./lib/sass/plugin/rack.rb:41:in `call'

Rendering rescues/layout (not_found)


Processing HomeController#index (for 127.0.0.1 at 2010-11-15 19:55:23) [GET]
Rendering template within layouts/application
Rendering home/index
Completed in 4ms (View: 3, DB: 0) | 200 OK [http://localhost/home/index]


Processing ApplicationController#index (for 127.0.0.1 at 2010-11-15 19:55:23) [GET]

ActionController::RoutingError (No route matches "/stylesheets/styles.css" with {:method=>:get}):
  haml (3.0.17) rails/./lib/sass/plugin/rack.rb:41:in `call'

Rendering rescues/layout (not_found)


Processing HomeController#index (for 127.0.0.1 at 2010-11-15 19:56:10) [GET]
Rendering template within layouts/application
Rendering home/index
Completed in 15ms (View: 13, DB: 0) | 200 OK [http://localhost/home/index]


Processing ApplicationController#index (for 127.0.0.1 at 2010-11-15 19:56:10) [GET]

ActionController::RoutingError (No route matches "/stylesheets/styles.css" with {:method=>:get}):
  haml (3.0.17) rails/./lib/sass/plugin/rack.rb:41:in `call'

Rendering rescues/layout (not_found)


Processing HomeController#index (for 127.0.0.1 at 2010-11-15 19:56:42) [GET]
Rendering template within layouts/application
Rendering home/index

ActionView::TemplateError (Illegal nesting: nesting within plain text is illegal.) on line #16 of app/views/home/index.html.haml:
13:   
14: =javascript_tag do
15:   new Form.Observer('format_form', 0.3, function(form, value){
16:       $('result').update('Your preferences have changed. Resubmit to save').style.color = 'red'
17:       form.down().setStyle({ background:'lemonchiffon', borderColor:'red' })
18:   })
19: %p#result result

    app/views/home/index.html.haml:16
    haml (3.0.17) lib/haml/precompiler.rb:354:in `push_plain'
    haml (3.0.17) lib/haml/precompiler.rb:278:in `process_line'
    haml (3.0.17) lib/haml/precompiler.rb:178:in `precompile'
    haml (3.0.17) lib/haml/engine.rb:121:in `initialize'
    haml (3.0.17) rails/./lib/haml/template/plugin.rb:29:in `new'
    haml (3.0.17) rails/./lib/haml/template/plugin.rb:29:in `compile'
    haml (3.0.17) rails/./lib/haml/helpers/action_view_mods.rb:13:in `render'
    haml (3.0.17) rails/./lib/haml/helpers/action_view_mods.rb:13:in `render'
    haml (3.0.17) rails/./lib/sass/plugin/rack.rb:41:in `call'

Rendered rescues/_trace (53.4ms)
Rendered rescues/_request_and_response (0.4ms)
Rendering rescues/layout (internal_server_error)


Processing HomeController#index (for 127.0.0.1 at 2010-11-15 19:56:50) [GET]
Rendering template within layouts/application
Rendering home/index
Completed in 12ms (View: 10, DB: 0) | 200 OK [http://localhost/home/index]


Processing ApplicationController#index (for 127.0.0.1 at 2010-11-15 19:56:50) [GET]

ActionController::RoutingError (No route matches "/stylesheets/styles.css" with {:method=>:get}):
  haml (3.0.17) rails/./lib/sass/plugin/rack.rb:41:in `call'

Rendering rescues/layout (not_found)


Processing HomeController#index (for 127.0.0.1 at 2010-11-15 19:57:37) [GET]
Rendering template within layouts/application
Rendering home/index
Completed in 11ms (View: 9, DB: 0) | 200 OK [http://localhost/home/index]


Processing ApplicationController#index (for 127.0.0.1 at 2010-11-15 19:57:37) [GET]

ActionController::RoutingError (No route matches "/stylesheets/styles.css" with {:method=>:get}):
  haml (3.0.17) rails/./lib/sass/plugin/rack.rb:41:in `call'

Rendering rescues/layout (not_found)


Processing HomeController#index (for 127.0.0.1 at 2010-11-15 19:58:00) [GET]
Rendering template within layouts/application
Rendering home/index
Completed in 13ms (View: 11, DB: 0) | 200 OK [http://localhost/home/index]


Processing ApplicationController#index (for 127.0.0.1 at 2010-11-15 19:58:00) [GET]

ActionController::RoutingError (No route matches "/stylesheets/styles.css" with {:method=>:get}):
  haml (3.0.17) rails/./lib/sass/plugin/rack.rb:41:in `call'

Rendering rescues/layout (not_found)


Processing HomeController#index (for 127.0.0.1 at 2010-11-15 19:59:23) [GET]
Rendering template within layouts/application
Rendering home/index
Completed in 12ms (View: 10, DB: 0) | 200 OK [http://localhost/home/index]


Processing ApplicationController#index (for 127.0.0.1 at 2010-11-15 19:59:23) [GET]

ActionController::RoutingError (No route matches "/stylesheets/styles.css" with {:method=>:get}):
  haml (3.0.17) rails/./lib/sass/plugin/rack.rb:41:in `call'

Rendering rescues/layout (not_found)


Processing HomeController#index (for 127.0.0.1 at 2010-11-15 20:00:51) [GET]
Rendering template within layouts/application
Rendering home/index
Completed in 15ms (View: 13, DB: 0) | 200 OK [http://localhost/home/index]


Processing ApplicationController#index (for 127.0.0.1 at 2010-11-15 20:00:51) [GET]

ActionController::RoutingError (No route matches "/stylesheets/styles.css" with {:method=>:get}):
  haml (3.0.17) rails/./lib/sass/plugin/rack.rb:41:in `call'

Rendering rescues/layout (not_found)


Processing HomeController#index (for 127.0.0.1 at 2010-11-15 20:00:52) [GET]
Rendering template within layouts/application
Rendering home/index
Completed in 5ms (View: 3, DB: 0) | 200 OK [http://localhost/home/index]


Processing ApplicationController#index (for 127.0.0.1 at 2010-11-15 20:00:52) [GET]

ActionController::RoutingError (No route matches "/stylesheets/styles.css" with {:method=>:get}):
  haml (3.0.17) rails/./lib/sass/plugin/rack.rb:41:in `call'

Rendering rescues/layout (not_found)


Processing HomeController#index (for 127.0.0.1 at 2010-11-15 20:01:04) [GET]
Rendering template within layouts/application
Rendering home/index
Completed in 11ms (View: 9, DB: 0) | 200 OK [http://localhost/home/index]


Processing ApplicationController#index (for 127.0.0.1 at 2010-11-15 20:01:04) [GET]

ActionController::RoutingError (No route matches "/stylesheets/styles.css" with {:method=>:get}):
  haml (3.0.17) rails/./lib/sass/plugin/rack.rb:41:in `call'

Rendering rescues/layout (not_found)


Processing HomeController#index (for 127.0.0.1 at 2010-11-15 20:01:14) [GET]
Rendering template within layouts/application
Rendering home/index
Completed in 10ms (View: 9, DB: 0) | 200 OK [http://localhost/home/index]


Processing ApplicationController#index (for 127.0.0.1 at 2010-11-15 20:01:14) [GET]

ActionController::RoutingError (No route matches "/stylesheets/styles.css" with {:method=>:get}):
  haml (3.0.17) rails/./lib/sass/plugin/rack.rb:41:in `call'

Rendering rescues/layout (not_found)


Processing HomeController#index (for 127.0.0.1 at 2010-11-15 20:02:02) [GET]
Rendering template within layouts/application
Rendering home/index
Completed in 12ms (View: 10, DB: 0) | 200 OK [http://localhost/home/index]


Processing ApplicationController#index (for 127.0.0.1 at 2010-11-15 20:02:02) [GET]

ActionController::RoutingError (No route matches "/stylesheets/styles.css" with {:method=>:get}):
  haml (3.0.17) rails/./lib/sass/plugin/rack.rb:41:in `call'

Rendering rescues/layout (not_found)


Processing HomeController#index (for 127.0.0.1 at 2010-11-15 20:02:36) [GET]
Rendering template within layouts/application
Rendering home/index
Completed in 5ms (View: 3, DB: 0) | 200 OK [http://localhost/home/index]


Processing HomeController#index (for 127.0.0.1 at 2010-11-15 20:02:54) [GET]
Rendering template within layouts/application
Rendering home/index
Completed in 5ms (View: 3, DB: 0) | 200 OK [http://localhost/home/index]


Processing HomeController#index (for 127.0.0.1 at 2010-11-15 20:03:03) [GET]
Rendering template within layouts/application
Rendering home/index
Completed in 4ms (View: 3, DB: 0) | 200 OK [http://localhost/home/index]


Processing HomeController#index (for 127.0.0.1 at 2010-11-15 20:03:19) [GET]
Rendering template within layouts/application
Rendering home/index
Completed in 5ms (View: 3, DB: 0) | 200 OK [http://localhost/home/index]


Processing HomeController#index (for 127.0.0.1 at 2010-11-15 20:03:30) [GET]
Rendering template within layouts/application
Rendering home/index
Completed in 5ms (View: 3, DB: 0) | 200 OK [http://localhost/home/index]


Processing HomeController#index (for 127.0.0.1 at 2010-11-15 20:04:31) [GET]
Rendering template within layouts/application
Rendering home/index
Completed in 4ms (View: 3, DB: 0) | 200 OK [http://localhost/home/index]


Processing HomeController#index (for 127.0.0.1 at 2010-11-15 20:06:40) [GET]
Rendering template within layouts/application
Rendering home/index
Completed in 8ms (View: 3, DB: 0) | 200 OK [http://localhost/home/index]


Processing HomeController#index (for 127.0.0.1 at 2010-11-15 20:11:05) [GET]
Rendering template within layouts/application
Rendering home/index
Completed in 6ms (View: 4, DB: 0) | 200 OK [http://localhost/home/index]


Processing HomeController#index (for 127.0.0.1 at 2010-11-15 20:11:20) [GET]
Rendering template within layouts/application
Rendering home/index
Completed in 5ms (View: 3, DB: 0) | 200 OK [http://localhost/home/index]


Processing HomeController#index (for 127.0.0.1 at 2010-11-15 20:11:42) [GET]
Rendering template within layouts/application
Rendering home/index
Completed in 12ms (View: 10, DB: 0) | 200 OK [http://localhost/home/index]


Processing HomeController#index (for 127.0.0.1 at 2010-11-15 20:12:24) [GET]
Rendering template within layouts/application
Rendering home/index
Completed in 12ms (View: 10, DB: 0) | 200 OK [http://localhost/home/index]


Processing HomeController#index (for 127.0.0.1 at 2010-11-15 20:12:31) [GET]
Rendering template within layouts/application
Rendering home/index
Completed in 5ms (View: 3, DB: 0) | 200 OK [http://localhost/home/index]


Processing HomeController#index (for 127.0.0.1 at 2010-11-15 20:13:38) [GET]
Rendering template within layouts/application
Rendering home/index
Completed in 4ms (View: 3, DB: 0) | 200 OK [http://localhost/home/index]


Processing HomeController#index (for 127.0.0.1 at 2010-11-15 20:14:06) [GET]
Rendering template within layouts/application
Rendering home/index
Completed in 5ms (View: 3, DB: 0) | 200 OK [http://localhost/home/index]


Processing HomeController#index (for 127.0.0.1 at 2010-11-15 20:14:19) [GET]
Rendering template within layouts/application
Rendering home/index
Completed in 20ms (View: 13, DB: 0) | 200 OK [http://localhost/home/index]


Processing ApplicationController#show (for 127.0.0.1 at 2010-11-15 20:20:04) [GET]
  Parameters: {"id"=>"home"}

NameError (uninitialized constant PagesController):
  haml (3.0.17) rails/./lib/sass/plugin/rack.rb:41:in `call'

Rendered rescues/_trace (34.8ms)
Rendered rescues/_request_and_response (2.0ms)
Rendering rescues/layout (internal_server_error)


<<<<<<< HEAD
Processing HomeController#index (for 127.0.0.1 at 2010-11-15 20:21:07) [GET]
Rendering template within layouts/application
Rendering home/index
Completed in 545ms (View: 544, DB: 0) | 200 OK [http://localhost/]


Processing HomeController#index (for 127.0.0.1 at 2010-11-15 20:44:59) [GET]
Rendering template within layouts/application
Rendering home/index
Completed in 16ms (View: 14, DB: 0) | 200 OK [http://localhost/]


Processing HomeController#index (for 127.0.0.1 at 2010-11-15 20:45:16) [GET]
Rendering template within layouts/application
Rendering home/index

ActionView::TemplateError (Invalid tag: "%%% - a literal `%' character".) on line #60 of app/views/home/index.html.haml:
57: %%Y - year as a decimal number including the century
58: %%z - numerical time zone representation
59: %%Z - time zone name or abbreviation
60: %%% - a literal `%' character

    app/views/home/index.html.haml:60
    haml (3.0.17) lib/haml/precompiler.rb:575:in `parse_tag'
    haml (3.0.17) lib/haml/precompiler.rb:703:in `render_tag'
    haml (3.0.17) lib/haml/precompiler.rb:214:in `process_line'
    haml (3.0.17) lib/haml/precompiler.rb:178:in `precompile'
    haml (3.0.17) lib/haml/engine.rb:121:in `initialize'
    haml (3.0.17) rails/./lib/haml/template/plugin.rb:29:in `new'
    haml (3.0.17) rails/./lib/haml/template/plugin.rb:29:in `compile'
    haml (3.0.17) rails/./lib/haml/helpers/action_view_mods.rb:13:in `render'
    haml (3.0.17) rails/./lib/haml/helpers/action_view_mods.rb:13:in `render'
    haml (3.0.17) rails/./lib/sass/plugin/rack.rb:41:in `call'

Rendered rescues/_trace (55.4ms)
Rendered rescues/_request_and_response (1.9ms)
Rendering rescues/layout (internal_server_error)


Processing HomeController#index (for 127.0.0.1 at 2010-11-15 20:45:25) [GET]
Rendering template within layouts/application
Rendering home/index

ActionView::TemplateError (Invalid tag: "%%%% - a literal `%' character".) on line #60 of app/views/home/index.html.haml:
57: %%Y - year as a decimal number including the century
58: %%z - numerical time zone representation
59: %%Z - time zone name or abbreviation
60: %%%% - a literal `%' character

    app/views/home/index.html.haml:60
    haml (3.0.17) lib/haml/precompiler.rb:575:in `parse_tag'
    haml (3.0.17) lib/haml/precompiler.rb:703:in `render_tag'
    haml (3.0.17) lib/haml/precompiler.rb:214:in `process_line'
    haml (3.0.17) lib/haml/precompiler.rb:178:in `precompile'
    haml (3.0.17) lib/haml/engine.rb:121:in `initialize'
    haml (3.0.17) rails/./lib/haml/template/plugin.rb:29:in `new'
    haml (3.0.17) rails/./lib/haml/template/plugin.rb:29:in `compile'
    haml (3.0.17) rails/./lib/haml/helpers/action_view_mods.rb:13:in `render'
    haml (3.0.17) rails/./lib/haml/helpers/action_view_mods.rb:13:in `render'
    haml (3.0.17) rails/./lib/sass/plugin/rack.rb:41:in `call'

Rendered rescues/_trace (156.0ms)
Rendered rescues/_request_and_response (0.4ms)
Rendering rescues/layout (internal_server_error)


Processing HomeController#index (for 127.0.0.1 at 2010-11-15 20:45:32) [GET]
Rendering template within layouts/application
Rendering home/index

ActionView::TemplateError (Invalid tag: "%% - a literal `%' character".) on line #60 of app/views/home/index.html.haml:
57: %%Y - year as a decimal number including the century
58: %%z - numerical time zone representation
59: %%Z - time zone name or abbreviation
60: %% - a literal `%' character

    app/views/home/index.html.haml:60
    haml (3.0.17) lib/haml/precompiler.rb:575:in `parse_tag'
    haml (3.0.17) lib/haml/precompiler.rb:703:in `render_tag'
    haml (3.0.17) lib/haml/precompiler.rb:214:in `process_line'
    haml (3.0.17) lib/haml/precompiler.rb:178:in `precompile'
    haml (3.0.17) lib/haml/engine.rb:121:in `initialize'
    haml (3.0.17) rails/./lib/haml/template/plugin.rb:29:in `new'
    haml (3.0.17) rails/./lib/haml/template/plugin.rb:29:in `compile'
    haml (3.0.17) rails/./lib/haml/helpers/action_view_mods.rb:13:in `render'
    haml (3.0.17) rails/./lib/haml/helpers/action_view_mods.rb:13:in `render'
    haml (3.0.17) rails/./lib/sass/plugin/rack.rb:41:in `call'

Rendered rescues/_trace (52.9ms)
Rendered rescues/_request_and_response (0.3ms)
Rendering rescues/layout (internal_server_error)


Processing HomeController#index (for 127.0.0.1 at 2010-11-15 20:45:39) [GET]
Rendering template within layouts/application
Rendering home/index

ActionView::TemplateError (Invalid tag: "% - a literal `%' character".) on line #60 of app/views/home/index.html.haml:
57: %%Y - year as a decimal number including the century
58: %%z - numerical time zone representation
59: %%Z - time zone name or abbreviation
60: % - a literal `%' character

    app/views/home/index.html.haml:60
    haml (3.0.17) lib/haml/precompiler.rb:575:in `parse_tag'
    haml (3.0.17) lib/haml/precompiler.rb:703:in `render_tag'
    haml (3.0.17) lib/haml/precompiler.rb:214:in `process_line'
    haml (3.0.17) lib/haml/precompiler.rb:178:in `precompile'
    haml (3.0.17) lib/haml/engine.rb:121:in `initialize'
    haml (3.0.17) rails/./lib/haml/template/plugin.rb:29:in `new'
    haml (3.0.17) rails/./lib/haml/template/plugin.rb:29:in `compile'
    haml (3.0.17) rails/./lib/haml/helpers/action_view_mods.rb:13:in `render'
    haml (3.0.17) rails/./lib/haml/helpers/action_view_mods.rb:13:in `render'
    haml (3.0.17) rails/./lib/sass/plugin/rack.rb:41:in `call'

Rendered rescues/_trace (156.7ms)
Rendered rescues/_request_and_response (0.4ms)
Rendering rescues/layout (internal_server_error)


Processing HomeController#index (for 127.0.0.1 at 2010-11-15 20:45:44) [GET]
Rendering template within layouts/application
Rendering home/index

ActionView::TemplateError (Inconsistent indentation: 1 space was used for indentation, but the rest of the document was indented using 2 spaces.) on line #60 of app/views/home/index.html.haml:
57: %%Y - year as a decimal number including the century
58: %%z - numerical time zone representation
59: %%Z - time zone name or abbreviation
60:  - a literal `%' character

    app/views/home/index.html.haml:60
    haml (3.0.17) lib/haml/precompiler.rb:152:in `tabs'
    haml (3.0.17) lib/haml/precompiler.rb:134:in `instance_eval'
    haml (3.0.17) lib/haml/precompiler.rb:134:in `tabs'
    haml (3.0.17) lib/haml/precompiler.rb:1039:in `block_opened?'
    haml (3.0.17) lib/haml/precompiler.rb:767:in `render_tag'
    haml (3.0.17) lib/haml/precompiler.rb:214:in `process_line'
    haml (3.0.17) lib/haml/precompiler.rb:178:in `precompile'
    haml (3.0.17) lib/haml/engine.rb:121:in `initialize'
    haml (3.0.17) rails/./lib/haml/template/plugin.rb:29:in `new'
    haml (3.0.17) rails/./lib/haml/template/plugin.rb:29:in `compile'
    haml (3.0.17) rails/./lib/haml/helpers/action_view_mods.rb:13:in `render'
    haml (3.0.17) rails/./lib/haml/helpers/action_view_mods.rb:13:in `render'
    haml (3.0.17) rails/./lib/sass/plugin/rack.rb:41:in `call'

Rendered rescues/_trace (54.7ms)
Rendered rescues/_request_and_response (0.3ms)
Rendering rescues/layout (internal_server_error)


Processing HomeController#index (for 127.0.0.1 at 2010-11-15 20:45:49) [GET]
Rendering template within layouts/application
Rendering home/index
ERROR: compiling _run_haml_app47views47home47index46html46haml RAISED compile error
/Users/matkins/Rails/strftime/app/views/home/index.html.haml:60: unterminated string meets end of file
/Users/matkins/Rails/strftime/app/views/home/index.html.haml:60: syntax error, unexpected $end, expecting kEND
Function body:           def _run_haml_app47views47home47index46html46haml(local_assigns)
            old_output_buffer = output_buffer;;begin;extend Haml::Helpers;_hamlout = @haml_buffer = Haml::Buffer.new(@haml_buffer, {:attr_wrapper=>"'", :autoclose=>["meta", "img", "link", "br", "hr", "input", "area", "param", "col", "base"], :format=>:xhtml, :escape_html=>false, :ugly=>false, :encoding=>nil, :preserve=>["textarea", "pre", "code"]});_erbout = _hamlout.buffer;__in_erb_template = true;;content_for :javascript do;
_hamlout.push_text("<script type='text/javascript'>\n  //<![CDATA[\n    var Strftime = {\n      convert: function() {\n        var today = new Date();\n        format = document.getElementById('format').value;\n        document.getElementById('result').innerHTML = today.strftime(format);\n      }\n    }\n    document.observe(\"dom:loaded\", function() {\n      Strftime.convert();\n    });\n  //]]>\n</script>\n", 0, false);










end;_hamlout.push_text("<div id='wrapper'>\n  <h1>STRFTIME</h1>\n  <div id='box'>\n", 2, false);


_hamlout.open_tag("form", false, false, false, false, {"id"=>"format_form"}, false, false, nil, nil, :action => '#');_hamlout.push_text("      #{
_hamlout.format_script_false_false_false_false_false_true_false((text_field_tag :format, "%d/%m/%Y"
));}\n    </form>\n    <p id='result'>result</p>\n  </div>\n  <script type='text/javascript'>\n    //<![CDATA[\n      new Form.Observer('format_form', 0.3, function(form, value){\n          Strftime.convert();\n      })\n    //]]>\n  </script>\n</div>\n<a>- abbreviated weekday name according to the current locale</a>\n<A>- full weekday name according to the current locale</A>\n<b>- abbreviated month name according to the current locale</b>\n<B>- full month name according to the current locale</B>\n<c>- preferred date and time representation for the current locale</c>\n<C>- century number (the year divided by 100 and truncated to an integer, range 00 to 99)</C>\n<d>- day of the month as a decimal number (range 01 to 31)</d>\n<D>- same as m/d/y</D>\n<e>- day of the month as a decimal number, a single digit is preceded by a space (range ' 1' to '31')</e>\n<g>- like G, but without the century</g>\n<G>- The 4-digit year corresponding to the ISO week number</G>\n<h>- same as b</h>\n<H>- hour as a decimal number using a 24-hour clock (range 00 to 23)</H>\n<I>- hour as a decimal number using a 12-hour clock (range 01 to 12)</I>\n<j>- day of the year as a decimal number (range 001 to 366)</j>\n<m>- month as a decimal number (range 01 to 12)</m>\n<M>- minute as a decimal number</M>\n<n>- newline character</n>\n<p>- either `AM' or `PM' according to the given time value, or the corresponding strings for the current locale</p>\n<P>- like p, but lower case</P>\n<r>- time in a.m. and p.m. notation equal to I:M:S p</r>\n<R>- time in 24 hour notation equal to H:M</R>\n<S>- second as a decimal number</S>\n<t>- tab character</t>\n<T>- current time, equal to H:M:S</T>\n<u>- weekday as a decimal number [1,7], with 1 representing Monday</u>\n<U>- week number of the current year as a decimal number, starting with the first Sunday as the first day of the first week</U>\n<V>- The ISO 8601:1988 week number of the current year as a decimal number, range 01 to 53, where week 1 is the first week that has at least 4 days in the current year, and with Monday as the first day of the week.</V>\n<w>- day of the week as a decimal, Sunday being 0</w>\n<W>- week number of the current year as a decimal number, starting with the first Monday as the first day of the first week</W>\n<x>- preferred date representation for the current locale without the time</x>\n<X>- preferred time representation for the current locale without the date</X>\n<y>- year as a decimal number without a century (range 00 to 99)</y>\n<Y>- year as a decimal number including the century</Y>\n<z>- numerical time zone representation</z>\n<Z>- time zone name or abbreviation</Z>\n", -3, false);









































 a literal `%' character;
_erbout;ensure;@haml_buffer = @haml_buffer.upper;end;
          ensure
            self.output_buffer = old_output_buffer
          end
Backtrace: /Users/matkins/Rails/strftime/app/views/home/index.html.haml:60:in `compile!'
/Library/Ruby/Gems/1.8/gems/actionpack-2.3.8/lib/action_view/renderable.rb:61:in `compile'
/Library/Ruby/Gems/1.8/gems/actionpack-2.3.8/lib/action_view/renderable.rb:28:in `render'
/Library/Ruby/Gems/1.8/gems/actionpack-2.3.8/lib/action_view/template.rb:205:in `render_template'
/Library/Ruby/Gems/1.8/gems/actionpack-2.3.8/lib/action_view/base.rb:265:in `render_without_haml'
/Library/Ruby/Gems/1.8/gems/haml-3.0.17/rails/../lib/haml/helpers/action_view_mods.rb:13:in `render'
/Library/Ruby/Gems/1.8/gems/actionpack-2.3.8/lib/action_view/base.rb:348:in `_render_with_layout'
/Library/Ruby/Gems/1.8/gems/actionpack-2.3.8/lib/action_view/base.rb:262:in `render_without_haml'
/Library/Ruby/Gems/1.8/gems/haml-3.0.17/rails/../lib/haml/helpers/action_view_mods.rb:13:in `render'
/Library/Ruby/Gems/1.8/gems/actionpack-2.3.8/lib/action_controller/base.rb:1250:in `render_for_file'
/Library/Ruby/Gems/1.8/gems/actionpack-2.3.8/lib/action_controller/base.rb:936:in `render_without_benchmark'
/Library/Ruby/Gems/1.8/gems/actionpack-2.3.8/lib/action_controller/benchmarking.rb:51:in `render'
/Library/Ruby/Gems/1.8/gems/activesupport-2.3.8/lib/active_support/core_ext/benchmark.rb:17:in `ms'
/Library/Ruby/Gems/1.8/gems/activesupport-2.3.8/lib/active_support/core_ext/benchmark.rb:10:in `realtime'
/Library/Ruby/Gems/1.8/gems/activesupport-2.3.8/lib/active_support/core_ext/benchmark.rb:17:in `ms'
/Library/Ruby/Gems/1.8/gems/actionpack-2.3.8/lib/action_controller/benchmarking.rb:51:in `render'
/Library/Ruby/Gems/1.8/gems/actionpack-2.3.8/lib/action_controller/base.rb:1326:in `default_render'
/Library/Ruby/Gems/1.8/gems/actionpack-2.3.8/lib/action_controller/base.rb:1332:in `perform_action_without_filters'
/Library/Ruby/Gems/1.8/gems/actionpack-2.3.8/lib/action_controller/filters.rb:617:in `call_filters'
/Library/Ruby/Gems/1.8/gems/actionpack-2.3.8/lib/action_controller/filters.rb:610:in `perform_action_without_benchmark'
/Library/Ruby/Gems/1.8/gems/actionpack-2.3.8/lib/action_controller/benchmarking.rb:68:in `perform_action_without_rescue'
/Library/Ruby/Gems/1.8/gems/activesupport-2.3.8/lib/active_support/core_ext/benchmark.rb:17:in `ms'
/Library/Ruby/Gems/1.8/gems/activesupport-2.3.8/lib/active_support/core_ext/benchmark.rb:10:in `realtime'
/Library/Ruby/Gems/1.8/gems/activesupport-2.3.8/lib/active_support/core_ext/benchmark.rb:17:in `ms'
/Library/Ruby/Gems/1.8/gems/actionpack-2.3.8/lib/action_controller/benchmarking.rb:68:in `perform_action_without_rescue'
/Library/Ruby/Gems/1.8/gems/actionpack-2.3.8/lib/action_controller/rescue.rb:160:in `perform_action_without_flash'
/Library/Ruby/Gems/1.8/gems/actionpack-2.3.8/lib/action_controller/flash.rb:151:in `perform_action'
/Library/Ruby/Gems/1.8/gems/actionpack-2.3.8/lib/action_controller/base.rb:532:in `send'
/Library/Ruby/Gems/1.8/gems/actionpack-2.3.8/lib/action_controller/base.rb:532:in `process_without_filters'
/Library/Ruby/Gems/1.8/gems/actionpack-2.3.8/lib/action_controller/filters.rb:606:in `process'
/Library/Ruby/Gems/1.8/gems/actionpack-2.3.8/lib/action_controller/base.rb:391:in `process'
/Library/Ruby/Gems/1.8/gems/actionpack-2.3.8/lib/action_controller/base.rb:386:in `call'
/Library/Ruby/Gems/1.8/gems/actionpack-2.3.8/lib/action_controller/routing/route_set.rb:438:in `call'
/Library/Ruby/Gems/1.8/gems/actionpack-2.3.8/lib/action_controller/dispatcher.rb:87:in `dispatch'
/Library/Ruby/Gems/1.8/gems/actionpack-2.3.8/lib/action_controller/dispatcher.rb:121:in `_call'
/Library/Ruby/Gems/1.8/gems/actionpack-2.3.8/lib/action_controller/dispatcher.rb:130:in `build_middleware_stack'
/Library/Ruby/Gems/1.8/gems/activerecord-2.3.8/lib/active_record/query_cache.rb:29:in `call'
/Library/Ruby/Gems/1.8/gems/activerecord-2.3.8/lib/active_record/query_cache.rb:29:in `call'
/Library/Ruby/Gems/1.8/gems/activerecord-2.3.8/lib/active_record/connection_adapters/abstract/query_cache.rb:34:in `cache'
/Library/Ruby/Gems/1.8/gems/activerecord-2.3.8/lib/active_record/query_cache.rb:9:in `cache'
/Library/Ruby/Gems/1.8/gems/activerecord-2.3.8/lib/active_record/query_cache.rb:28:in `call'
/Library/Ruby/Gems/1.8/gems/activerecord-2.3.8/lib/active_record/connection_adapters/abstract/connection_pool.rb:361:in `call'
/Library/Ruby/Gems/1.8/gems/haml-3.0.17/rails/../lib/sass/plugin/rack.rb:41:in `call'
/Library/Ruby/Gems/1.8/gems/actionpack-2.3.8/lib/action_controller/string_coercion.rb:25:in `call'
/Users/matkins/.gem/ruby/1.8/gems/rack-1.1.0/lib/rack/head.rb:9:in `call'
/Users/matkins/.gem/ruby/1.8/gems/rack-1.1.0/lib/rack/methodoverride.rb:24:in `call'
/Library/Ruby/Gems/1.8/gems/actionpack-2.3.8/lib/action_controller/params_parser.rb:15:in `call'
/Library/Ruby/Gems/1.8/gems/actionpack-2.3.8/lib/action_controller/session/cookie_store.rb:99:in `call'
/Library/Ruby/Gems/1.8/gems/actionpack-2.3.8/lib/action_controller/failsafe.rb:26:in `call'
/Users/matkins/.gem/ruby/1.8/gems/rack-1.1.0/lib/rack/lock.rb:11:in `call'
/Users/matkins/.gem/ruby/1.8/gems/rack-1.1.0/lib/rack/lock.rb:11:in `synchronize'
/Users/matkins/.gem/ruby/1.8/gems/rack-1.1.0/lib/rack/lock.rb:11:in `call'
/Library/Ruby/Gems/1.8/gems/actionpack-2.3.8/lib/action_controller/dispatcher.rb:114:in `call'
/Library/Ruby/Gems/1.8/gems/actionpack-2.3.8/lib/action_controller/reloader.rb:34:in `run'
/Library/Ruby/Gems/1.8/gems/actionpack-2.3.8/lib/action_controller/dispatcher.rb:108:in `call'
/Library/Ruby/Gems/1.8/gems/rails-2.3.8/lib/rails/rack/static.rb:31:in `call'
/Users/matkins/.gem/ruby/1.8/gems/rack-1.1.0/lib/rack/urlmap.rb:47:in `call'
/Users/matkins/.gem/ruby/1.8/gems/rack-1.1.0/lib/rack/urlmap.rb:41:in `each'
/Users/matkins/.gem/ruby/1.8/gems/rack-1.1.0/lib/rack/urlmap.rb:41:in `call'
/Library/Ruby/Gems/1.8/gems/rails-2.3.8/lib/rails/rack/log_tailer.rb:17:in `call'
/Users/matkins/.gem/ruby/1.8/gems/rack-1.1.0/lib/rack/content_length.rb:13:in `call'
/Users/matkins/.gem/ruby/1.8/gems/rack-1.1.0/lib/rack/chunked.rb:15:in `call'
/Users/matkins/.gem/ruby/1.8/gems/rack-1.1.0/lib/rack/handler/mongrel.rb:67:in `process'
/Library/Ruby/Gems/1.8/gems/mongrel-1.1.5/lib/mongrel.rb:159:in `process_client'
/Library/Ruby/Gems/1.8/gems/mongrel-1.1.5/lib/mongrel.rb:158:in `each'
/Library/Ruby/Gems/1.8/gems/mongrel-1.1.5/lib/mongrel.rb:158:in `process_client'
/Library/Ruby/Gems/1.8/gems/mongrel-1.1.5/lib/mongrel.rb:285:in `run'
/Library/Ruby/Gems/1.8/gems/mongrel-1.1.5/lib/mongrel.rb:285:in `initialize'
/Library/Ruby/Gems/1.8/gems/mongrel-1.1.5/lib/mongrel.rb:285:in `new'
/Library/Ruby/Gems/1.8/gems/mongrel-1.1.5/lib/mongrel.rb:285:in `run'
/Library/Ruby/Gems/1.8/gems/mongrel-1.1.5/lib/mongrel.rb:268:in `initialize'
/Library/Ruby/Gems/1.8/gems/mongrel-1.1.5/lib/mongrel.rb:268:in `new'
/Library/Ruby/Gems/1.8/gems/mongrel-1.1.5/lib/mongrel.rb:268:in `run'
/Users/matkins/.gem/ruby/1.8/gems/rack-1.1.0/lib/rack/handler/mongrel.rb:38:in `run'
/Library/Ruby/Gems/1.8/gems/rails-2.3.8/lib/commands/server.rb:111
/Library/Ruby/Site/1.8/rubygems/custom_require.rb:31:in `gem_original_require'
/Library/Ruby/Site/1.8/rubygems/custom_require.rb:31:in `require'
script/server:3

ActionView::TemplateError (compile error
/Users/matkins/Rails/strftime/app/views/home/index.html.haml:60: unterminated string meets end of file
/Users/matkins/Rails/strftime/app/views/home/index.html.haml:60: syntax error, unexpected $end, expecting kEND) on line #60 of app/views/home/index.html.haml:
57: %%Y - year as a decimal number including the century
58: %%z - numerical time zone representation
59: %%Z - time zone name or abbreviation
60: - a literal `%' character

    app/views/home/index.html.haml:60:in `compile!'
    haml (3.0.17) rails/./lib/haml/helpers/action_view_mods.rb:13:in `render'
    haml (3.0.17) rails/./lib/haml/helpers/action_view_mods.rb:13:in `render'
    haml (3.0.17) rails/./lib/sass/plugin/rack.rb:41:in `call'

Rendered rescues/_trace (148.6ms)
Rendered rescues/_request_and_response (0.4ms)
Rendering rescues/layout (internal_server_error)


Processing HomeController#index (for 127.0.0.1 at 2010-11-15 20:46:02) [GET]
Rendering template within layouts/application
Rendering home/index
Completed in 14ms (View: 12, DB: 0) | 200 OK [http://localhost/]


Processing HomeController#index (for 127.0.0.1 at 2010-11-15 20:46:11) [GET]
Rendering template within layouts/application
Rendering home/index
Completed in 13ms (View: 12, DB: 0) | 200 OK [http://localhost/]
=======
Processing HomeController#index (for 127.0.0.1 at 2010-11-16 11:49:47) [GET]
Rendering template within layouts/application
Rendering home/index
Completed in 74ms (View: 72, DB: 0) | 200 OK [http://localhost/]


Processing HomeController#index (for 127.0.0.1 at 2010-11-16 11:50:29) [GET]
Rendering template within layouts/application
Rendering home/index
Completed in 3ms (View: 2, DB: 0) | 200 OK [http://localhost/]


Processing HomeController#index (for 127.0.0.1 at 2010-11-16 11:50:38) [GET]
Rendering template within layouts/application
Rendering home/index
Completed in 4ms (View: 2, DB: 0) | 200 OK [http://localhost/]


Processing HomeController#index (for 127.0.0.1 at 2010-11-16 11:51:00) [GET]
Rendering template within layouts/application
Rendering home/index
Completed in 4ms (View: 2, DB: 0) | 200 OK [http://localhost/]


Processing HomeController#index (for 127.0.0.1 at 2010-11-16 11:51:11) [GET]
Rendering template within layouts/application
Rendering home/index
Completed in 4ms (View: 2, DB: 0) | 200 OK [http://localhost/]


Processing HomeController#index (for 127.0.0.1 at 2010-11-16 11:53:21) [GET]
Rendering template within layouts/application
Rendering home/index
Completed in 9ms (View: 8, DB: 0) | 200 OK [http://localhost/]


Processing HomeController#index (for 127.0.0.1 at 2010-11-16 11:53:56) [GET]
Rendering template within layouts/application
Rendering home/index
Completed in 4ms (View: 2, DB: 0) | 200 OK [http://localhost/]


Processing HomeController#index (for 127.0.0.1 at 2010-11-16 11:56:33) [GET]
Rendering template within layouts/application
Rendering home/index
Completed in 12ms (View: 11, DB: 0) | 200 OK [http://localhost/]


Processing HomeController#index (for 127.0.0.1 at 2010-11-16 11:56:56) [GET]
Rendering template within layouts/application
Rendering home/index
Completed in 13ms (View: 12, DB: 0) | 200 OK [http://localhost/]


Processing HomeController#index (for 127.0.0.1 at 2010-11-16 11:57:32) [GET]
Rendering template within layouts/application
Rendering home/index
Completed in 4ms (View: 3, DB: 0) | 200 OK [http://localhost/]


Processing HomeController#index (for 127.0.0.1 at 2010-11-16 11:57:54) [GET]
Rendering template within layouts/application
Rendering home/index
Completed in 16ms (View: 14, DB: 0) | 200 OK [http://localhost/]


Processing HomeController#index (for 127.0.0.1 at 2010-11-16 11:58:37) [GET]
Rendering template within layouts/application
Rendering home/index
Completed in 4ms (View: 3, DB: 0) | 200 OK [http://localhost/]


Processing HomeController#index (for 127.0.0.1 at 2010-11-16 12:02:53) [GET]
Rendering template within layouts/application
Rendering home/index

ActionView::TemplateError (Illegal nesting: content can't be both given on the same line as %h3 and nested within it.) on line #64 of app/views/home/index.html.haml:
61:     
62:     #reference
63:       %h3 Dates
64:         %dl  
65:           %dt %a
66:           %dd The abbreviated weekday name ("Sun")
67:           %dt %A

    app/views/home/index.html.haml:64
    haml (3.0.15) lib/haml/precompiler.rb:764:in `render_tag'
    haml (3.0.15) lib/haml/precompiler.rb:214:in `process_line'
    haml (3.0.15) lib/haml/precompiler.rb:178:in `precompile'
    haml (3.0.15) lib/haml/engine.rb:121:in `initialize'
    haml (3.0.15) rails/./lib/haml/template/plugin.rb:29:in `new'
    haml (3.0.15) rails/./lib/haml/template/plugin.rb:29:in `compile'
    haml (3.0.15) rails/./lib/haml/helpers/action_view_mods.rb:13:in `render'
    haml (3.0.15) rails/./lib/haml/helpers/action_view_mods.rb:13:in `render'
    haml (3.0.15) rails/./lib/sass/plugin/rack.rb:41:in `call'

Rendered rescues/_trace (90.7ms)
Rendered rescues/_request_and_response (1.4ms)
Rendering rescues/layout (internal_server_error)


Processing HomeController#index (for 127.0.0.1 at 2010-11-16 12:03:17) [GET]
Rendering template within layouts/application
Rendering home/index
Completed in 89ms (View: 88, DB: 0) | 200 OK [http://localhost/]


Processing HomeController#index (for 127.0.0.1 at 2010-11-16 12:13:22) [GET]
Rendering template within layouts/application
Rendering home/index

ActionView::TemplateError (The line was indented 2 levels deeper than the previous line.) on line #24 of app/views/home/index.html.haml:
21:         Strftime.convert();
22:     })
23:   #help
24:       %h3 Dates
25:     %dl
26:       %dt %a
27:       %dd The abbreviated weekday name ("Sun")

    app/views/home/index.html.haml:24
    haml (3.0.15) lib/haml/precompiler.rb:181:in `precompile'
    haml (3.0.15) lib/haml/engine.rb:121:in `initialize'
    haml (3.0.15) rails/./lib/haml/template/plugin.rb:29:in `new'
    haml (3.0.15) rails/./lib/haml/template/plugin.rb:29:in `compile'
    haml (3.0.15) rails/./lib/haml/helpers/action_view_mods.rb:13:in `render'
    haml (3.0.15) rails/./lib/haml/helpers/action_view_mods.rb:13:in `render'
    haml (3.0.15) rails/./lib/sass/plugin/rack.rb:41:in `call'

Rendered rescues/_trace (87.8ms)
Rendered rescues/_request_and_response (0.3ms)
Rendering rescues/layout (internal_server_error)


Processing HomeController#index (for 127.0.0.1 at 2010-11-16 12:13:31) [GET]
Rendering template within layouts/application
Rendering home/index
Completed in 20ms (View: 19, DB: 0) | 200 OK [http://localhost/]


Processing HomeController#index (for 127.0.0.1 at 2010-11-16 13:08:26) [GET]
Rendering template within layouts/application
Rendering home/index
Completed in 4ms (View: 2, DB: 0) | 200 OK [http://localhost/]


Processing HomeController#index (for 127.0.0.1 at 2010-11-16 13:08:33) [GET]
Rendering template within layouts/application
Rendering home/index
Completed in 4ms (View: 2, DB: 0) | 200 OK [http://crm.localtchc.org.uk/]


Processing HomeController#index (for 127.0.0.1 at 2010-11-16 16:01:29) [GET]
Rendering template within layouts/application
Rendering home/index
Completed in 27ms (View: 25, DB: 0) | 200 OK [http://localhost/]


Processing HomeController#index (for 127.0.0.1 at 2010-11-16 16:03:52) [GET]
Rendering template within layouts/application
Rendering home/index
Completed in 4ms (View: 2, DB: 0) | 200 OK [http://localhost/]


Processing HomeController#index (for 127.0.0.1 at 2010-11-16 16:04:45) [GET]
Rendering template within layouts/application
Rendering home/index
Completed in 4ms (View: 3, DB: 0) | 200 OK [http://localhost/]


Processing HomeController#index (for 127.0.0.1 at 2010-11-16 16:05:34) [GET]
Rendering template within layouts/application
Rendering home/index
Completed in 4ms (View: 2, DB: 0) | 200 OK [http://localhost/]


Processing HomeController#index (for 127.0.0.1 at 2010-11-16 16:06:22) [GET]
Rendering template within layouts/application
Rendering home/index
Completed in 4ms (View: 2, DB: 0) | 200 OK [http://localhost/]


Processing HomeController#index (for 127.0.0.1 at 2010-11-16 16:07:14) [GET]
Rendering template within layouts/application
Rendering home/index
Completed in 4ms (View: 2, DB: 0) | 200 OK [http://localhost/]


Processing HomeController#index (for 127.0.0.1 at 2010-11-16 16:07:53) [GET]
Rendering template within layouts/application
Rendering home/index
Completed in 4ms (View: 3, DB: 0) | 200 OK [http://localhost/]


Processing HomeController#index (for 127.0.0.1 at 2010-11-16 16:08:52) [GET]
Rendering template within layouts/application
Rendering home/index
Completed in 4ms (View: 2, DB: 0) | 200 OK [http://localhost/]


Processing HomeController#index (for 127.0.0.1 at 2010-11-16 16:09:32) [GET]
Rendering template within layouts/application
Rendering home/index
Completed in 4ms (View: 2, DB: 0) | 200 OK [http://localhost/]


Processing HomeController#index (for 127.0.0.1 at 2010-11-16 16:09:49) [GET]
Rendering template within layouts/application
Rendering home/index
Completed in 4ms (View: 2, DB: 0) | 200 OK [http://localhost/]


Processing HomeController#index (for 127.0.0.1 at 2010-11-16 16:10:10) [GET]
Rendering template within layouts/application
Rendering home/index
Completed in 105ms (View: 104, DB: 0) | 200 OK [http://localhost/]
>>>>>>> 4a8e149e5b146c8f4f139a30f3b67c40ecd6743f


Processing HomeController#index (for 127.0.0.1 at 2010-11-16 18:43:12) [GET]
Rendering template within layouts/application
Rendering home/index
Completed in 99ms (View: 97, DB: 0) | 200 OK [http://localhost/]


Processing HomeController#index (for 127.0.0.1 at 2010-11-16 18:44:24) [GET]
Rendering template within layouts/application
Rendering home/index
Completed in 5ms (View: 3, DB: 0) | 200 OK [http://localhost/]


Processing HomeController#index (for 127.0.0.1 at 2010-11-16 18:45:11) [GET]
Rendering template within layouts/application
Rendering home/index
Completed in 96ms (View: 94, DB: 0) | 200 OK [http://localhost/]


Processing HomeController#index (for 127.0.0.1 at 2010-11-16 18:46:13) [GET]
Rendering template within layouts/application
Rendering home/index
Completed in 5ms (View: 3, DB: 0) | 200 OK [http://localhost/]


Processing HomeController#index (for 127.0.0.1 at 2010-11-16 18:46:48) [GET]
Rendering template within layouts/application
Rendering home/index
Completed in 5ms (View: 3, DB: 0) | 200 OK [http://localhost/]


Processing HomeController#index (for 127.0.0.1 at 2010-11-16 18:47:58) [GET]
Rendering template within layouts/application
Rendering home/index
Completed in 6ms (View: 3, DB: 0) | 200 OK [http://localhost/]


Processing HomeController#index (for 127.0.0.1 at 2010-11-16 18:48:22) [GET]
Rendering template within layouts/application
Rendering home/index
Completed in 5ms (View: 3, DB: 0) | 200 OK [http://localhost/]


Processing HomeController#index (for 127.0.0.1 at 2010-11-16 18:55:04) [GET]
Rendering template within layouts/application
Rendering home/index
Completed in 5ms (View: 3, DB: 0) | 200 OK [http://localhost/]


Processing HomeController#index (for 127.0.0.1 at 2010-11-17 12:23:27) [GET]
Rendering template within layouts/application
Rendering home/index
Completed in 76ms (View: 74, DB: 0) | 200 OK [http://localhost/]


Processing HomeController#index (for 127.0.0.1 at 2010-11-17 12:23:54) [GET]
Rendering template within layouts/application
Rendering home/index

ActionView::TemplateError (undefined method `date_time_select' for #<ActionView::Base:0x214d064>) on line #17 of app/views/home/index.html.haml:
14:   %h1 STRFULAR
15:   #box
16:     %form#format_form{:action => '#'}
17:       =date_time_select("date_time")
18:       =text_field_tag :format, "%d/%m/%Y"
19:     %p#result result
20:   :javascript

    app/views/home/index.html.haml:17:in `_run_haml_app47views47home47index46html46haml'
    haml (3.0.15) rails/./lib/haml/helpers/action_view_mods.rb:13:in `render'
    haml (3.0.15) rails/./lib/haml/helpers/action_view_mods.rb:13:in `render'
    haml (3.0.15) rails/./lib/sass/plugin/rack.rb:41:in `call'

Rendered rescues/_trace (48.9ms)
Rendered rescues/_request_and_response (1.4ms)
Rendering rescues/layout (internal_server_error)


Processing HomeController#index (for 127.0.0.1 at 2010-11-17 12:24:04) [GET]
Rendering template within layouts/application
Rendering home/index

ActionView::TemplateError (wrong number of arguments (1 for 2)) on line #17 of app/views/home/index.html.haml:
14:   %h1 STRFULAR
15:   #box
16:     %form#format_form{:action => '#'}
17:       =datetime_select("date_time")
18:       =text_field_tag :format, "%d/%m/%Y"
19:     %p#result result
20:   :javascript

    app/views/home/index.html.haml:17:in `datetime_select'
    app/views/home/index.html.haml:17:in `_run_haml_app47views47home47index46html46haml'
    haml (3.0.15) rails/./lib/haml/helpers/action_view_mods.rb:13:in `render'
    haml (3.0.15) rails/./lib/haml/helpers/action_view_mods.rb:13:in `render'
    haml (3.0.15) rails/./lib/sass/plugin/rack.rb:41:in `call'

Rendered rescues/_trace (43.0ms)
Rendered rescues/_request_and_response (0.4ms)
Rendering rescues/layout (internal_server_error)


Processing HomeController#index (for 127.0.0.1 at 2010-11-17 12:24:25) [GET]
Rendering template within layouts/application
Rendering home/index
Completed in 121ms (View: 120, DB: 0) | 200 OK [http://localhost/]


Processing HomeController#index (for 127.0.0.1 at 2010-11-17 12:25:19) [GET]
Rendering template within layouts/application
Rendering home/index
Completed in 37ms (View: 35, DB: 0) | 200 OK [http://localhost/]


Processing HomeController#index (for 127.0.0.1 at 2010-11-17 12:26:16) [GET]
Rendering template within layouts/application
Rendering home/index
Completed in 31ms (View: 30, DB: 0) | 200 OK [http://localhost/]


Processing HomeController#index (for 127.0.0.1 at 2010-11-17 12:26:37) [GET]
Rendering template within layouts/application
Rendering home/index
Completed in 27ms (View: 25, DB: 0) | 200 OK [http://localhost/]


Processing HomeController#index (for 127.0.0.1 at 2010-11-17 12:27:38) [GET]
Rendering template within layouts/application
Rendering home/index

ActionView::TemplateError (wrong number of arguments (0 for 1)) on line #19 of app/views/home/index.html.haml:
16:     %form#format_form{:action => '#'}
17:       #date_time_select
18:         =datetime_select("strfular","date_time",:order => [:day, :month, :year, :hour, :minute, :second])
19:         =select_second
20:       =text_field_tag :format, "%d/%m/%Y"
21:     %p#result result
22:   :javascript

    app/views/home/index.html.haml:19:in `select_second'
    app/views/home/index.html.haml:19:in `_run_haml_app47views47home47index46html46haml'
    haml (3.0.15) rails/./lib/haml/helpers/action_view_mods.rb:13:in `render'
    haml (3.0.15) rails/./lib/haml/helpers/action_view_mods.rb:13:in `render'
    haml (3.0.15) rails/./lib/sass/plugin/rack.rb:41:in `call'

Rendered rescues/_trace (39.7ms)
Rendered rescues/_request_and_response (0.4ms)
Rendering rescues/layout (internal_server_error)


Processing HomeController#index (for 127.0.0.1 at 2010-11-17 12:29:53) [GET]
Rendering template within layouts/application
Rendering home/index
Completed in 32ms (View: 30, DB: 0) | 200 OK [http://localhost/]


Processing HomeController#index (for 127.0.0.1 at 2010-11-17 12:30:07) [GET]
Rendering template within layouts/application
Rendering home/index
Completed in 28ms (View: 27, DB: 0) | 200 OK [http://localhost/]


Processing HomeController#index (for 127.0.0.1 at 2010-11-17 12:31:35) [GET]
Rendering template within layouts/application
Rendering home/index
Completed in 162ms (View: 160, DB: 0) | 200 OK [http://localhost/]


Processing HomeController#index (for 127.0.0.1 at 2010-11-17 12:35:01) [GET]
Rendering template within layouts/application
Rendering home/index

ActionView::TemplateError (undefined method `google_javascripts' for #<ActionView::Base:0x2464694>) on line #7 of app/views/layouts/application.html.haml:
4:     %title= "Strftime"
5:     %meta{"http-equiv"=>"Content-type", :content=>"text/html;charset=UTF-8"}
6:     =stylesheet_link_tag "styles"
7:     = google_javascripts :jquery, :jqueryui
8:     =javascript_include_tag :defaults
9:     =javascript_include_tag "strftime.js"
10:     =yield :javascript

    app/views/layouts/application.html.haml:7:in `_run_haml_app47views47layouts47application46html46haml'
    haml (3.0.15) rails/./lib/haml/helpers/action_view_mods.rb:13:in `render'
    haml (3.0.15) rails/./lib/haml/helpers/action_view_mods.rb:13:in `render'
    haml (3.0.15) rails/./lib/sass/plugin/rack.rb:41:in `call'

Rendered rescues/_trace (37.7ms)
Rendered rescues/_request_and_response (0.3ms)
Rendering rescues/layout (internal_server_error)


Processing HomeController#index (for 127.0.0.1 at 2010-11-17 12:41:26) [GET]
Rendering template within layouts/application
Rendering home/index

ActionView::TemplateError (undefined method `google_javascripts' for #<ActionView::Base:0x2210c94>) on line #7 of app/views/layouts/application.html.haml:
4:     %title= "Strftime"
5:     %meta{"http-equiv"=>"Content-type", :content=>"text/html;charset=UTF-8"}
6:     =stylesheet_link_tag "styles"
7:     = google_javascripts :jquery
8:     =javascript_include_tag :defaults
9:     =javascript_include_tag "strftime.js"
10:     =yield :javascript

    app/views/layouts/application.html.haml:7:in `_run_haml_app47views47layouts47application46html46haml'
    haml (3.0.15) rails/./lib/haml/helpers/action_view_mods.rb:13:in `render'
    haml (3.0.15) rails/./lib/haml/helpers/action_view_mods.rb:13:in `render'
    haml (3.0.15) rails/./lib/sass/plugin/rack.rb:41:in `call'

Rendered rescues/_trace (86.7ms)
Rendered rescues/_request_and_response (0.2ms)
Rendering rescues/layout (internal_server_error)


Processing HomeController#index (for 127.0.0.1 at 2010-11-17 12:41:34) [GET]
Rendering template within layouts/application
Rendering home/index
Completed in 44ms (View: 43, DB: 0) | 200 OK [http://localhost/]


Processing HomeController#index (for 127.0.0.1 at 2010-11-17 12:42:18) [GET]
Rendering template within layouts/application
Rendering home/index
Completed in 172ms (View: 29, DB: 0) | 200 OK [http://localhost/]


Processing HomeController#index (for 127.0.0.1 at 2010-11-17 12:42:53) [GET]
Rendering template within layouts/application
Rendering home/index
Completed in 31ms (View: 30, DB: 0) | 200 OK [http://localhost/]


Processing HomeController#index (for 127.0.0.1 at 2010-11-17 12:43:16) [GET]
Rendering template within layouts/application
Rendering home/index
Completed in 22ms (View: 20, DB: 0) | 200 OK [http://localhost/]


Processing HomeController#index (for 127.0.0.1 at 2010-11-17 12:44:48) [GET]
Rendering template within layouts/application
Rendering home/index
Completed in 31ms (View: 30, DB: 0) | 200 OK [http://localhost/]


Processing HomeController#index (for 127.0.0.1 at 2010-11-17 12:49:18) [GET]
Rendering template within layouts/application
Rendering home/index
Completed in 99ms (View: 97, DB: 0) | 200 OK [http://localhost/]


Processing HomeController#index (for 127.0.0.1 at 2010-11-17 12:50:23) [GET]
Rendering template within layouts/application
Rendering home/index
Completed in 38ms (View: 33, DB: 0) | 200 OK [http://localhost/]


Processing HomeController#index (for 127.0.0.1 at 2010-11-17 12:51:22) [GET]
Rendering template within layouts/application
Rendering home/index
Completed in 29ms (View: 27, DB: 0) | 200 OK [http://localhost/]


Processing HomeController#index (for 127.0.0.1 at 2010-11-17 12:51:57) [GET]
Rendering template within layouts/application
Rendering home/index
Completed in 28ms (View: 26, DB: 0) | 200 OK [http://localhost/]


Processing HomeController#index (for 127.0.0.1 at 2010-11-17 12:57:55) [GET]
Rendering template within layouts/application
Rendering home/index
Completed in 34ms (View: 33, DB: 0) | 200 OK [http://localhost/]


Processing HomeController#index (for 127.0.0.1 at 2010-11-17 12:58:06) [GET]
Rendering template within layouts/application
Rendering home/index
Completed in 117ms (View: 111, DB: 0) | 200 OK [http://localhost/]


Processing HomeController#index (for 127.0.0.1 at 2010-11-17 13:00:48) [GET]
Rendering template within layouts/application
Rendering home/index
Completed in 16ms (View: 15, DB: 0) | 200 OK [http://localhost/]


Processing ApplicationController#index (for 127.0.0.1 at 2010-11-17 13:00:49) [GET]

ActionController::RoutingError (No route matches "/stylesheets/images/ui-bg_glass_75_ffffff_1x400.png" with {:method=>:get}):
  haml (3.0.15) rails/./lib/sass/plugin/rack.rb:41:in `call'

Rendering rescues/layout (not_found)


Processing ApplicationController#index (for 127.0.0.1 at 2010-11-17 13:00:49) [GET]

ActionController::RoutingError (No route matches "/stylesheets/images/ui-bg_glass_75_ffffff_1x400.png" with {:method=>:get}):
  haml (3.0.15) rails/./lib/sass/plugin/rack.rb:41:in `call'

Rendering rescues/layout (not_found)


Processing ApplicationController#index (for 127.0.0.1 at 2010-11-17 13:00:51) [GET]

ActionController::RoutingError (No route matches "/stylesheets/images/ui-bg_highlight-soft_75_cccccc_1x100.png" with {:method=>:get}):
  haml (3.0.15) rails/./lib/sass/plugin/rack.rb:41:in `call'

Rendering rescues/layout (not_found)


Processing ApplicationController#index (for 127.0.0.1 at 2010-11-17 13:00:52) [GET]

ActionController::RoutingError (No route matches "/stylesheets/images/ui-bg_glass_75_e6e6e6_1x400.png" with {:method=>:get}):
  haml (3.0.15) rails/./lib/sass/plugin/rack.rb:41:in `call'

Rendering rescues/layout (not_found)


Processing ApplicationController#index (for 127.0.0.1 at 2010-11-17 13:00:52) [GET]

ActionController::RoutingError (No route matches "/stylesheets/images/ui-icons_222222_256x240.png" with {:method=>:get}):
  haml (3.0.15) rails/./lib/sass/plugin/rack.rb:41:in `call'

Rendering rescues/layout (not_found)


Processing ApplicationController#index (for 127.0.0.1 at 2010-11-17 13:00:52) [GET]

ActionController::RoutingError (No route matches "/stylesheets/images/ui-bg_glass_55_fbf9ee_1x400.png" with {:method=>:get}):
  haml (3.0.15) rails/./lib/sass/plugin/rack.rb:41:in `call'

Rendering rescues/layout (not_found)


Processing ApplicationController#index (for 127.0.0.1 at 2010-11-17 13:00:52) [GET]

ActionController::RoutingError (No route matches "/stylesheets/images/ui-bg_highlight-soft_75_cccccc_1x100.png" with {:method=>:get}):
  haml (3.0.15) rails/./lib/sass/plugin/rack.rb:41:in `call'

Rendering rescues/layout (not_found)


Processing ApplicationController#index (for 127.0.0.1 at 2010-11-17 13:00:52) [GET]

ActionController::RoutingError (No route matches "/stylesheets/images/ui-bg_glass_75_e6e6e6_1x400.png" with {:method=>:get}):
  haml (3.0.15) rails/./lib/sass/plugin/rack.rb:41:in `call'

Rendering rescues/layout (not_found)


Processing ApplicationController#index (for 127.0.0.1 at 2010-11-17 13:00:52) [GET]

ActionController::RoutingError (No route matches "/stylesheets/images/ui-icons_222222_256x240.png" with {:method=>:get}):
  haml (3.0.15) rails/./lib/sass/plugin/rack.rb:41:in `call'

Rendering rescues/layout (not_found)


Processing ApplicationController#index (for 127.0.0.1 at 2010-11-17 13:00:53) [GET]

ActionController::RoutingError (No route matches "/stylesheets/images/ui-bg_glass_55_fbf9ee_1x400.png" with {:method=>:get}):
  haml (3.0.15) rails/./lib/sass/plugin/rack.rb:41:in `call'

Rendering rescues/layout (not_found)


Processing ApplicationController#index (for 127.0.0.1 at 2010-11-17 13:00:53) [GET]

ActionController::RoutingError (No route matches "/stylesheets/images/ui-bg_glass_75_dadada_1x400.png" with {:method=>:get}):
  haml (3.0.15) rails/./lib/sass/plugin/rack.rb:41:in `call'

Rendering rescues/layout (not_found)


Processing ApplicationController#index (for 127.0.0.1 at 2010-11-17 13:00:53) [GET]

ActionController::RoutingError (No route matches "/stylesheets/images/ui-bg_glass_75_dadada_1x400.png" with {:method=>:get}):
  haml (3.0.15) rails/./lib/sass/plugin/rack.rb:41:in `call'

Rendering rescues/layout (not_found)


Processing ApplicationController#index (for 127.0.0.1 at 2010-11-17 13:02:18) [GET]

ActionController::RoutingError (No route matches "/stylesheets/images/ui-bg_glass_65_ffffff_1x400.png" with {:method=>:get}):
  haml (3.0.15) rails/./lib/sass/plugin/rack.rb:41:in `call'

Rendering rescues/layout (not_found)


Processing ApplicationController#index (for 127.0.0.1 at 2010-11-17 13:02:18) [GET]

ActionController::RoutingError (No route matches "/stylesheets/images/ui-bg_glass_65_ffffff_1x400.png" with {:method=>:get}):
  haml (3.0.15) rails/./lib/sass/plugin/rack.rb:41:in `call'

Rendering rescues/layout (not_found)


Processing HomeController#index (for 127.0.0.1 at 2010-11-17 13:07:44) [GET]
Rendering template within layouts/application
Rendering home/index
Completed in 111ms (View: 110, DB: 0) | 200 OK [http://localhost/]


Processing ApplicationController#index (for 127.0.0.1 at 2010-11-17 13:07:45) [GET]

ActionController::RoutingError (No route matches "/stylesheets/images/ui-bg_glass_75_ffffff_1x400.png" with {:method=>:get}):
  haml (3.0.15) rails/./lib/sass/plugin/rack.rb:41:in `call'

Rendering rescues/layout (not_found)


Processing ApplicationController#index (for 127.0.0.1 at 2010-11-17 13:07:46) [GET]

ActionController::RoutingError (No route matches "/stylesheets/images/ui-bg_glass_75_ffffff_1x400.png" with {:method=>:get}):
  haml (3.0.15) rails/./lib/sass/plugin/rack.rb:41:in `call'

Rendering rescues/layout (not_found)


Processing ApplicationController#index (for 127.0.0.1 at 2010-11-17 13:07:50) [GET]

ActionController::RoutingError (No route matches "/stylesheets/images/ui-bg_highlight-soft_75_cccccc_1x100.png" with {:method=>:get}):
  haml (3.0.15) rails/./lib/sass/plugin/rack.rb:41:in `call'

Rendering rescues/layout (not_found)


Processing ApplicationController#index (for 127.0.0.1 at 2010-11-17 13:07:50) [GET]

ActionController::RoutingError (No route matches "/stylesheets/images/ui-icons_222222_256x240.png" with {:method=>:get}):
  haml (3.0.15) rails/./lib/sass/plugin/rack.rb:41:in `call'

Rendering rescues/layout (not_found)


Processing ApplicationController#index (for 127.0.0.1 at 2010-11-17 13:07:50) [GET]

ActionController::RoutingError (No route matches "/stylesheets/images/ui-bg_glass_75_e6e6e6_1x400.png" with {:method=>:get}):
  haml (3.0.15) rails/./lib/sass/plugin/rack.rb:41:in `call'

Rendering rescues/layout (not_found)


Processing ApplicationController#index (for 127.0.0.1 at 2010-11-17 13:07:50) [GET]

ActionController::RoutingError (No route matches "/stylesheets/images/ui-bg_glass_55_fbf9ee_1x400.png" with {:method=>:get}):
  haml (3.0.15) rails/./lib/sass/plugin/rack.rb:41:in `call'

Rendering rescues/layout (not_found)


Processing ApplicationController#index (for 127.0.0.1 at 2010-11-17 13:07:51) [GET]

ActionController::RoutingError (No route matches "/stylesheets/images/ui-bg_glass_75_dadada_1x400.png" with {:method=>:get}):
  haml (3.0.15) rails/./lib/sass/plugin/rack.rb:41:in `call'

Rendering rescues/layout (not_found)


Processing ApplicationController#index (for 127.0.0.1 at 2010-11-17 13:07:51) [GET]

ActionController::RoutingError (No route matches "/stylesheets/images/ui-bg_highlight-soft_75_cccccc_1x100.png" with {:method=>:get}):
  haml (3.0.15) rails/./lib/sass/plugin/rack.rb:41:in `call'

Rendering rescues/layout (not_found)


Processing ApplicationController#index (for 127.0.0.1 at 2010-11-17 13:07:51) [GET]

ActionController::RoutingError (No route matches "/stylesheets/images/ui-icons_222222_256x240.png" with {:method=>:get}):
  haml (3.0.15) rails/./lib/sass/plugin/rack.rb:41:in `call'

Rendering rescues/layout (not_found)


Processing ApplicationController#index (for 127.0.0.1 at 2010-11-17 13:07:52) [GET]

ActionController::RoutingError (No route matches "/stylesheets/images/ui-bg_glass_75_e6e6e6_1x400.png" with {:method=>:get}):
  haml (3.0.15) rails/./lib/sass/plugin/rack.rb:41:in `call'

Rendering rescues/layout (not_found)


Processing ApplicationController#index (for 127.0.0.1 at 2010-11-17 13:07:52) [GET]

ActionController::RoutingError (No route matches "/stylesheets/images/ui-bg_glass_55_fbf9ee_1x400.png" with {:method=>:get}):
  haml (3.0.15) rails/./lib/sass/plugin/rack.rb:41:in `call'

Rendering rescues/layout (not_found)


Processing ApplicationController#index (for 127.0.0.1 at 2010-11-17 13:07:53) [GET]

ActionController::RoutingError (No route matches "/stylesheets/images/ui-bg_glass_75_dadada_1x400.png" with {:method=>:get}):
  haml (3.0.15) rails/./lib/sass/plugin/rack.rb:41:in `call'

Rendering rescues/layout (not_found)


Processing ApplicationController#index (for 127.0.0.1 at 2010-11-17 13:07:53) [GET]

ActionController::RoutingError (No route matches "/stylesheets/images/ui-bg_glass_65_ffffff_1x400.png" with {:method=>:get}):
  haml (3.0.15) rails/./lib/sass/plugin/rack.rb:41:in `call'

Rendering rescues/layout (not_found)


Processing ApplicationController#index (for 127.0.0.1 at 2010-11-17 13:07:53) [GET]

ActionController::RoutingError (No route matches "/stylesheets/images/ui-bg_glass_65_ffffff_1x400.png" with {:method=>:get}):
  haml (3.0.15) rails/./lib/sass/plugin/rack.rb:41:in `call'

Rendering rescues/layout (not_found)


Processing HomeController#index (for 127.0.0.1 at 2010-11-17 13:09:17) [GET]
Rendering template within layouts/application
Rendering home/index
Completed in 15ms (View: 14, DB: 0) | 200 OK [http://localhost/]


Processing HomeController#index (for 127.0.0.1 at 2010-11-17 13:12:05) [GET]
Rendering template within layouts/application
Rendering home/index
Completed in 18ms (View: 17, DB: 0) | 200 OK [http://localhost/]


Processing HomeController#index (for 127.0.0.1 at 2010-11-17 13:13:22) [GET]
Rendering template within layouts/application
Rendering home/index
Completed in 19ms (View: 18, DB: 0) | 200 OK [http://localhost/]


Processing HomeController#index (for 127.0.0.1 at 2010-11-17 13:13:55) [GET]
Rendering template within layouts/application
Rendering home/index
Completed in 19ms (View: 17, DB: 0) | 200 OK [http://localhost/]


Processing HomeController#index (for 127.0.0.1 at 2010-11-17 13:14:08) [GET]
Rendering template within layouts/application
Rendering home/index
Completed in 18ms (View: 17, DB: 0) | 200 OK [http://localhost/]


Processing HomeController#index (for 127.0.0.1 at 2010-11-17 13:17:48) [GET]
Rendering template within layouts/application
Rendering home/index
Completed in 9ms (View: 8, DB: 0) | 200 OK [http://localhost/]


Processing ApplicationController#index (for 127.0.0.1 at 2010-11-17 13:17:50) [GET]

ActionController::RoutingError (No route matches "/stylesheets/images/ui-bg_highlight-soft_100_eeeeee_1x100.png" with {:method=>:get}):
  haml (3.0.15) rails/./lib/sass/plugin/rack.rb:41:in `call'

Rendering rescues/layout (not_found)


Processing ApplicationController#index (for 127.0.0.1 at 2010-11-17 13:17:50) [GET]

ActionController::RoutingError (No route matches "/stylesheets/images/ui-bg_highlight-soft_100_eeeeee_1x100.png" with {:method=>:get}):
  haml (3.0.15) rails/./lib/sass/plugin/rack.rb:41:in `call'

Rendering rescues/layout (not_found)


Processing ApplicationController#index (for 127.0.0.1 at 2010-11-17 13:17:51) [GET]

ActionController::RoutingError (No route matches "/stylesheets/images/ui-bg_gloss-wave_35_f6a828_500x100.png" with {:method=>:get}):
  haml (3.0.15) rails/./lib/sass/plugin/rack.rb:41:in `call'

Rendering rescues/layout (not_found)


Processing ApplicationController#index (for 127.0.0.1 at 2010-11-17 13:17:52) [GET]

ActionController::RoutingError (No route matches "/stylesheets/images/ui-bg_glass_100_f6f6f6_1x400.png" with {:method=>:get}):
  haml (3.0.15) rails/./lib/sass/plugin/rack.rb:41:in `call'

Rendering rescues/layout (not_found)


Processing ApplicationController#index (for 127.0.0.1 at 2010-11-17 13:17:52) [GET]

ActionController::RoutingError (No route matches "/stylesheets/images/ui-icons_ffffff_256x240.png" with {:method=>:get}):
  haml (3.0.15) rails/./lib/sass/plugin/rack.rb:41:in `call'

Rendering rescues/layout (not_found)


Processing ApplicationController#index (for 127.0.0.1 at 2010-11-17 13:17:52) [GET]

ActionController::RoutingError (No route matches "/stylesheets/images/ui-bg_highlight-soft_75_ffe45c_1x100.png" with {:method=>:get}):
  haml (3.0.15) rails/./lib/sass/plugin/rack.rb:41:in `call'

Rendering rescues/layout (not_found)


Processing ApplicationController#index (for 127.0.0.1 at 2010-11-17 13:17:52) [GET]

ActionController::RoutingError (No route matches "/stylesheets/images/ui-bg_gloss-wave_35_f6a828_500x100.png" with {:method=>:get}):
  haml (3.0.15) rails/./lib/sass/plugin/rack.rb:41:in `call'

Rendering rescues/layout (not_found)


Processing ApplicationController#index (for 127.0.0.1 at 2010-11-17 13:17:53) [GET]

ActionController::RoutingError (No route matches "/stylesheets/images/ui-bg_glass_100_f6f6f6_1x400.png" with {:method=>:get}):
  haml (3.0.15) rails/./lib/sass/plugin/rack.rb:41:in `call'

Rendering rescues/layout (not_found)


Processing ApplicationController#index (for 127.0.0.1 at 2010-11-17 13:17:54) [GET]

ActionController::RoutingError (No route matches "/stylesheets/images/ui-icons_ffffff_256x240.png" with {:method=>:get}):
  haml (3.0.15) rails/./lib/sass/plugin/rack.rb:41:in `call'

Rendering rescues/layout (not_found)


Processing ApplicationController#index (for 127.0.0.1 at 2010-11-17 13:17:54) [GET]

ActionController::RoutingError (No route matches "/stylesheets/images/ui-bg_highlight-soft_75_ffe45c_1x100.png" with {:method=>:get}):
  haml (3.0.15) rails/./lib/sass/plugin/rack.rb:41:in `call'

Rendering rescues/layout (not_found)


Processing HomeController#index (for 127.0.0.1 at 2010-11-17 13:18:00) [GET]
Rendering template within layouts/application
Rendering home/index
Completed in 5ms (View: 3, DB: 0) | 200 OK [http://localhost/]


Processing ApplicationController#index (for 127.0.0.1 at 2010-11-17 13:18:02) [GET]

ActionController::RoutingError (No route matches "/stylesheets/images/ui-bg_highlight-soft_100_eeeeee_1x100.png" with {:method=>:get}):
  haml (3.0.15) rails/./lib/sass/plugin/rack.rb:41:in `call'

Rendering rescues/layout (not_found)


Processing ApplicationController#index (for 127.0.0.1 at 2010-11-17 13:18:02) [GET]

ActionController::RoutingError (No route matches "/stylesheets/images/ui-bg_highlight-soft_100_eeeeee_1x100.png" with {:method=>:get}):
  haml (3.0.15) rails/./lib/sass/plugin/rack.rb:41:in `call'

Rendering rescues/layout (not_found)


Processing ApplicationController#index (for 127.0.0.1 at 2010-11-17 13:18:07) [GET]

ActionController::RoutingError (No route matches "/stylesheets/images/ui-bg_gloss-wave_35_f6a828_500x100.png" with {:method=>:get}):
  haml (3.0.15) rails/./lib/sass/plugin/rack.rb:41:in `call'

Rendering rescues/layout (not_found)


Processing ApplicationController#index (for 127.0.0.1 at 2010-11-17 13:18:07) [GET]

ActionController::RoutingError (No route matches "/stylesheets/images/ui-icons_ffffff_256x240.png" with {:method=>:get}):
  haml (3.0.15) rails/./lib/sass/plugin/rack.rb:41:in `call'

Rendering rescues/layout (not_found)


Processing ApplicationController#index (for 127.0.0.1 at 2010-11-17 13:18:07) [GET]

ActionController::RoutingError (No route matches "/stylesheets/images/ui-bg_highlight-soft_75_ffe45c_1x100.png" with {:method=>:get}):
  haml (3.0.15) rails/./lib/sass/plugin/rack.rb:41:in `call'

Rendering rescues/layout (not_found)


Processing ApplicationController#index (for 127.0.0.1 at 2010-11-17 13:18:07) [GET]

ActionController::RoutingError (No route matches "/stylesheets/images/ui-bg_glass_100_f6f6f6_1x400.png" with {:method=>:get}):
  haml (3.0.15) rails/./lib/sass/plugin/rack.rb:41:in `call'

Rendering rescues/layout (not_found)


Processing ApplicationController#index (for 127.0.0.1 at 2010-11-17 13:18:07) [GET]

ActionController::RoutingError (No route matches "/stylesheets/images/ui-bg_glass_100_fdf5ce_1x400.png" with {:method=>:get}):
  haml (3.0.15) rails/./lib/sass/plugin/rack.rb:41:in `call'

Rendering rescues/layout (not_found)


Processing ApplicationController#index (for 127.0.0.1 at 2010-11-17 13:18:07) [GET]

ActionController::RoutingError (No route matches "/stylesheets/images/ui-bg_gloss-wave_35_f6a828_500x100.png" with {:method=>:get}):
  haml (3.0.15) rails/./lib/sass/plugin/rack.rb:41:in `call'

Rendering rescues/layout (not_found)


Processing ApplicationController#index (for 127.0.0.1 at 2010-11-17 13:18:08) [GET]

ActionController::RoutingError (No route matches "/stylesheets/images/ui-icons_ffffff_256x240.png" with {:method=>:get}):
  haml (3.0.15) rails/./lib/sass/plugin/rack.rb:41:in `call'

Rendering rescues/layout (not_found)


Processing ApplicationController#index (for 127.0.0.1 at 2010-11-17 13:18:08) [GET]

ActionController::RoutingError (No route matches "/stylesheets/images/ui-bg_glass_65_ffffff_1x400.png" with {:method=>:get}):
  haml (3.0.15) rails/./lib/sass/plugin/rack.rb:41:in `call'

Rendering rescues/layout (not_found)


Processing ApplicationController#index (for 127.0.0.1 at 2010-11-17 13:18:09) [GET]

ActionController::RoutingError (No route matches "/stylesheets/images/ui-bg_highlight-soft_75_ffe45c_1x100.png" with {:method=>:get}):
  haml (3.0.15) rails/./lib/sass/plugin/rack.rb:41:in `call'

Rendering rescues/layout (not_found)


Processing ApplicationController#index (for 127.0.0.1 at 2010-11-17 13:18:09) [GET]

ActionController::RoutingError (No route matches "/stylesheets/images/ui-bg_glass_100_f6f6f6_1x400.png" with {:method=>:get}):
  haml (3.0.15) rails/./lib/sass/plugin/rack.rb:41:in `call'

Rendering rescues/layout (not_found)


Processing ApplicationController#index (for 127.0.0.1 at 2010-11-17 13:18:09) [GET]

ActionController::RoutingError (No route matches "/stylesheets/images/ui-bg_glass_100_fdf5ce_1x400.png" with {:method=>:get}):
  haml (3.0.15) rails/./lib/sass/plugin/rack.rb:41:in `call'

Rendering rescues/layout (not_found)


Processing ApplicationController#index (for 127.0.0.1 at 2010-11-17 13:18:09) [GET]

ActionController::RoutingError (No route matches "/stylesheets/images/ui-bg_glass_65_ffffff_1x400.png" with {:method=>:get}):
  haml (3.0.15) rails/./lib/sass/plugin/rack.rb:41:in `call'

Rendering rescues/layout (not_found)


Processing HomeController#index (for 127.0.0.1 at 2010-11-17 13:19:15) [GET]
Rendering template within layouts/application
Rendering home/index
Completed in 104ms (View: 102, DB: 0) | 200 OK [http://localhost/]


Processing ApplicationController#index (for 127.0.0.1 at 2010-11-17 13:19:17) [GET]

ActionController::RoutingError (No route matches "/stylesheets/images/ui-bg_highlight-soft_100_eeeeee_1x100.png" with {:method=>:get}):
  haml (3.0.15) rails/./lib/sass/plugin/rack.rb:41:in `call'

Rendering rescues/layout (not_found)


Processing ApplicationController#index (for 127.0.0.1 at 2010-11-17 13:19:17) [GET]

ActionController::RoutingError (No route matches "/stylesheets/images/ui-bg_highlight-soft_100_eeeeee_1x100.png" with {:method=>:get}):
  haml (3.0.15) rails/./lib/sass/plugin/rack.rb:41:in `call'

Rendering rescues/layout (not_found)


Processing ApplicationController#index (for 127.0.0.1 at 2010-11-17 13:19:22) [GET]

ActionController::RoutingError (No route matches "/stylesheets/images/ui-bg_gloss-wave_35_f6a828_500x100.png" with {:method=>:get}):
  haml (3.0.15) rails/./lib/sass/plugin/rack.rb:41:in `call'

Rendering rescues/layout (not_found)


Processing ApplicationController#index (for 127.0.0.1 at 2010-11-17 13:19:22) [GET]

ActionController::RoutingError (No route matches "/stylesheets/images/ui-icons_ffffff_256x240.png" with {:method=>:get}):
  haml (3.0.15) rails/./lib/sass/plugin/rack.rb:41:in `call'

Rendering rescues/layout (not_found)


Processing ApplicationController#index (for 127.0.0.1 at 2010-11-17 13:19:22) [GET]

ActionController::RoutingError (No route matches "/stylesheets/images/ui-bg_glass_100_f6f6f6_1x400.png" with {:method=>:get}):
  haml (3.0.15) rails/./lib/sass/plugin/rack.rb:41:in `call'

Rendering rescues/layout (not_found)


Processing ApplicationController#index (for 127.0.0.1 at 2010-11-17 13:19:22) [GET]

ActionController::RoutingError (No route matches "/stylesheets/images/ui-bg_highlight-soft_75_ffe45c_1x100.png" with {:method=>:get}):
  haml (3.0.15) rails/./lib/sass/plugin/rack.rb:41:in `call'

Rendering rescues/layout (not_found)


Processing ApplicationController#index (for 127.0.0.1 at 2010-11-17 13:19:23) [GET]

ActionController::RoutingError (No route matches "/stylesheets/images/ui-bg_gloss-wave_35_f6a828_500x100.png" with {:method=>:get}):
  haml (3.0.15) rails/./lib/sass/plugin/rack.rb:41:in `call'

Rendering rescues/layout (not_found)


Processing ApplicationController#index (for 127.0.0.1 at 2010-11-17 13:19:23) [GET]

ActionController::RoutingError (No route matches "/stylesheets/images/ui-icons_ffffff_256x240.png" with {:method=>:get}):
  haml (3.0.15) rails/./lib/sass/plugin/rack.rb:41:in `call'

Rendering rescues/layout (not_found)


Processing ApplicationController#index (for 127.0.0.1 at 2010-11-17 13:19:23) [GET]

ActionController::RoutingError (No route matches "/stylesheets/images/ui-bg_glass_100_f6f6f6_1x400.png" with {:method=>:get}):
  haml (3.0.15) rails/./lib/sass/plugin/rack.rb:41:in `call'

Rendering rescues/layout (not_found)


Processing ApplicationController#index (for 127.0.0.1 at 2010-11-17 13:19:23) [GET]

ActionController::RoutingError (No route matches "/stylesheets/images/ui-bg_highlight-soft_75_ffe45c_1x100.png" with {:method=>:get}):
  haml (3.0.15) rails/./lib/sass/plugin/rack.rb:41:in `call'

Rendering rescues/layout (not_found)


Processing ApplicationController#index (for 127.0.0.1 at 2010-11-17 13:19:25) [GET]

ActionController::RoutingError (No route matches "/stylesheets/images/ui-bg_glass_100_fdf5ce_1x400.png" with {:method=>:get}):
  haml (3.0.15) rails/./lib/sass/plugin/rack.rb:41:in `call'

Rendering rescues/layout (not_found)


Processing ApplicationController#index (for 127.0.0.1 at 2010-11-17 13:19:25) [GET]

ActionController::RoutingError (No route matches "/stylesheets/images/ui-bg_glass_100_fdf5ce_1x400.png" with {:method=>:get}):
  haml (3.0.15) rails/./lib/sass/plugin/rack.rb:41:in `call'

Rendering rescues/layout (not_found)


Processing HomeController#index (for 127.0.0.1 at 2010-11-17 13:20:11) [GET]
Rendering template within layouts/application
Rendering home/index
Completed in 18ms (View: 16, DB: 0) | 200 OK [http://localhost/]


Processing ApplicationController#index (for 127.0.0.1 at 2010-11-17 13:20:13) [GET]

ActionController::RoutingError (No route matches "/stylesheets/images/ui-bg_highlight-soft_100_eeeeee_1x100.png" with {:method=>:get}):
  haml (3.0.15) rails/./lib/sass/plugin/rack.rb:41:in `call'

Rendering rescues/layout (not_found)


Processing ApplicationController#index (for 127.0.0.1 at 2010-11-17 13:20:13) [GET]

ActionController::RoutingError (No route matches "/stylesheets/images/ui-bg_highlight-soft_100_eeeeee_1x100.png" with {:method=>:get}):
  haml (3.0.15) rails/./lib/sass/plugin/rack.rb:41:in `call'

Rendering rescues/layout (not_found)


Processing ApplicationController#index (for 127.0.0.1 at 2010-11-17 13:20:53) [GET]

ActionController::RoutingError (No route matches "/stylesheets/images/ui-bg_glass_100_f6f6f6_1x400.png" with {:method=>:get}):
  haml (3.0.15) rails/./lib/sass/plugin/rack.rb:41:in `call'

Rendering rescues/layout (not_found)


Processing ApplicationController#index (for 127.0.0.1 at 2010-11-17 13:20:53) [GET]

ActionController::RoutingError (No route matches "/stylesheets/images/ui-icons_ffffff_256x240.png" with {:method=>:get}):
  haml (3.0.15) rails/./lib/sass/plugin/rack.rb:41:in `call'

Rendering rescues/layout (not_found)


Processing ApplicationController#index (for 127.0.0.1 at 2010-11-17 13:20:53) [GET]

ActionController::RoutingError (No route matches "/stylesheets/images/ui-bg_gloss-wave_35_f6a828_500x100.png" with {:method=>:get}):
  haml (3.0.15) rails/./lib/sass/plugin/rack.rb:41:in `call'

Rendering rescues/layout (not_found)


Processing ApplicationController#index (for 127.0.0.1 at 2010-11-17 13:20:53) [GET]

ActionController::RoutingError (No route matches "/stylesheets/images/ui-bg_highlight-soft_75_ffe45c_1x100.png" with {:method=>:get}):
  haml (3.0.15) rails/./lib/sass/plugin/rack.rb:41:in `call'

Rendering rescues/layout (not_found)


Processing ApplicationController#index (for 127.0.0.1 at 2010-11-17 13:20:54) [GET]

ActionController::RoutingError (No route matches "/stylesheets/images/ui-bg_glass_100_fdf5ce_1x400.png" with {:method=>:get}):
  haml (3.0.15) rails/./lib/sass/plugin/rack.rb:41:in `call'

Rendering rescues/layout (not_found)


Processing ApplicationController#index (for 127.0.0.1 at 2010-11-17 13:20:54) [GET]

ActionController::RoutingError (No route matches "/stylesheets/images/ui-bg_glass_65_ffffff_1x400.png" with {:method=>:get}):
  haml (3.0.15) rails/./lib/sass/plugin/rack.rb:41:in `call'

Rendering rescues/layout (not_found)


Processing ApplicationController#index (for 127.0.0.1 at 2010-11-17 13:20:54) [GET]

ActionController::RoutingError (No route matches "/stylesheets/images/ui-bg_glass_100_f6f6f6_1x400.png" with {:method=>:get}):
  haml (3.0.15) rails/./lib/sass/plugin/rack.rb:41:in `call'

Rendering rescues/layout (not_found)


Processing ApplicationController#index (for 127.0.0.1 at 2010-11-17 13:20:54) [GET]

ActionController::RoutingError (No route matches "/stylesheets/images/ui-icons_ffffff_256x240.png" with {:method=>:get}):
  haml (3.0.15) rails/./lib/sass/plugin/rack.rb:41:in `call'

Rendering rescues/layout (not_found)


Processing ApplicationController#index (for 127.0.0.1 at 2010-11-17 13:20:54) [GET]

ActionController::RoutingError (No route matches "/stylesheets/images/ui-bg_gloss-wave_35_f6a828_500x100.png" with {:method=>:get}):
  haml (3.0.15) rails/./lib/sass/plugin/rack.rb:41:in `call'

Rendering rescues/layout (not_found)


Processing ApplicationController#index (for 127.0.0.1 at 2010-11-17 13:20:54) [GET]

ActionController::RoutingError (No route matches "/stylesheets/images/ui-bg_highlight-soft_75_ffe45c_1x100.png" with {:method=>:get}):
  haml (3.0.15) rails/./lib/sass/plugin/rack.rb:41:in `call'

Rendering rescues/layout (not_found)


Processing ApplicationController#index (for 127.0.0.1 at 2010-11-17 13:20:55) [GET]

ActionController::RoutingError (No route matches "/stylesheets/images/ui-bg_glass_100_fdf5ce_1x400.png" with {:method=>:get}):
  haml (3.0.15) rails/./lib/sass/plugin/rack.rb:41:in `call'

Rendering rescues/layout (not_found)


Processing ApplicationController#index (for 127.0.0.1 at 2010-11-17 13:20:55) [GET]

ActionController::RoutingError (No route matches "/stylesheets/images/ui-bg_glass_65_ffffff_1x400.png" with {:method=>:get}):
  haml (3.0.15) rails/./lib/sass/plugin/rack.rb:41:in `call'

Rendering rescues/layout (not_found)


Processing HomeController#index (for 127.0.0.1 at 2010-11-17 13:21:08) [GET]
Rendering template within layouts/application
Rendering home/index
Completed in 17ms (View: 15, DB: 0) | 200 OK [http://localhost/]


Processing ApplicationController#index (for 127.0.0.1 at 2010-11-17 13:21:10) [GET]

ActionController::RoutingError (No route matches "/stylesheets/images/ui-bg_highlight-soft_100_eeeeee_1x100.png" with {:method=>:get}):
  haml (3.0.15) rails/./lib/sass/plugin/rack.rb:41:in `call'

Rendering rescues/layout (not_found)


Processing ApplicationController#index (for 127.0.0.1 at 2010-11-17 13:21:10) [GET]

ActionController::RoutingError (No route matches "/stylesheets/images/ui-bg_highlight-soft_100_eeeeee_1x100.png" with {:method=>:get}):
  haml (3.0.15) rails/./lib/sass/plugin/rack.rb:41:in `call'

Rendering rescues/layout (not_found)


Processing HomeController#index (for 127.0.0.1 at 2010-11-19 09:17:58) [GET]
Rendering template within layouts/application
Rendering home/index
Completed in 147ms (View: 146, DB: 0) | 200 OK [http://localhost/]


Processing ApplicationController#index (for 127.0.0.1 at 2010-11-19 09:18:00) [GET]

ActionController::RoutingError (No route matches "/stylesheets/images/ui-bg_highlight-soft_100_eeeeee_1x100.png" with {:method=>:get}):
  haml (3.0.15) rails/./lib/sass/plugin/rack.rb:41:in `call'

Rendering rescues/layout (not_found)


Processing HomeController#index (for 127.0.0.1 at 2010-11-19 09:18:16) [GET]
Rendering template within layouts/application
Rendering home/index
Completed in 4ms (View: 3, DB: 0) | 200 OK [http://localhost/]


Processing ApplicationController#index (for 127.0.0.1 at 2010-11-19 09:18:19) [GET]

ActionController::RoutingError (No route matches "/stylesheets/images/ui-bg_glass_100_f6f6f6_1x400.png" with {:method=>:get}):
  haml (3.0.15) rails/./lib/sass/plugin/rack.rb:41:in `call'

Rendering rescues/layout (not_found)


Processing ApplicationController#index (for 127.0.0.1 at 2010-11-19 09:18:21) [GET]

ActionController::RoutingError (No route matches "/stylesheets/images/ui-bg_glass_100_f6f6f6_1x400.png" with {:method=>:get}):
  haml (3.0.15) rails/./lib/sass/plugin/rack.rb:41:in `call'

Rendering rescues/layout (not_found)


Processing ApplicationController#index (for 127.0.0.1 at 2010-11-19 09:18:21) [GET]

ActionController::RoutingError (No route matches "/stylesheets/images/ui-bg_glass_100_f6f6f6_1x400.png" with {:method=>:get}):
  haml (3.0.15) rails/./lib/sass/plugin/rack.rb:41:in `call'

Rendering rescues/layout (not_found)


Processing ApplicationController#index (for 127.0.0.1 at 2010-11-19 09:18:25) [GET]

ActionController::RoutingError (No route matches "/stylesheets/images/ui-bg_glass_100_fdf5ce_1x400.png" with {:method=>:get}):
  haml (3.0.15) rails/./lib/sass/plugin/rack.rb:41:in `call'

Rendering rescues/layout (not_found)


Processing ApplicationController#index (for 127.0.0.1 at 2010-11-19 09:18:25) [GET]

ActionController::RoutingError (No route matches "/stylesheets/images/ui-bg_glass_100_fdf5ce_1x400.png" with {:method=>:get}):
  haml (3.0.15) rails/./lib/sass/plugin/rack.rb:41:in `call'

Rendering rescues/layout (not_found)


Processing ApplicationController#index (for 127.0.0.1 at 2010-11-19 09:18:31) [GET]

ActionController::RoutingError (No route matches "/stylesheets/images/ui-bg_glass_65_ffffff_1x400.png" with {:method=>:get}):
  haml (3.0.15) rails/./lib/sass/plugin/rack.rb:41:in `call'

Rendering rescues/layout (not_found)


Processing ApplicationController#index (for 127.0.0.1 at 2010-11-19 09:18:32) [GET]

ActionController::RoutingError (No route matches "/stylesheets/images/ui-bg_glass_65_ffffff_1x400.png" with {:method=>:get}):
  haml (3.0.15) rails/./lib/sass/plugin/rack.rb:41:in `call'

Rendering rescues/layout (not_found)


Processing HomeController#index (for 127.0.0.1 at 2010-11-19 09:20:12) [GET]
Rendering template within layouts/application
Rendering home/index
Completed in 4ms (View: 2, DB: 0) | 200 OK [http://localhost/]


Processing ApplicationController#index (for 127.0.0.1 at 2010-11-19 09:20:14) [GET]

ActionController::RoutingError (No route matches "/stylesheets/images/ui-bg_glass_100_f6f6f6_1x400.png" with {:method=>:get}):
  haml (3.0.15) rails/./lib/sass/plugin/rack.rb:41:in `call'

Rendering rescues/layout (not_found)


Processing ApplicationController#index (for 127.0.0.1 at 2010-11-19 09:20:17) [GET]

ActionController::RoutingError (No route matches "/stylesheets/images/ui-bg_glass_100_f6f6f6_1x400.png" with {:method=>:get}):
  haml (3.0.15) rails/./lib/sass/plugin/rack.rb:41:in `call'

Rendering rescues/layout (not_found)


Processing HomeController#index (for 127.0.0.1 at 2010-11-19 09:20:53) [GET]
Rendering template within layouts/application
Rendering home/index
Completed in 4ms (View: 3, DB: 0) | 200 OK [http://localhost/]


Processing HomeController#index (for 127.0.0.1 at 2010-11-19 09:21:01) [GET]
Rendering template within layouts/application
Rendering home/index
Completed in 4ms (View: 2, DB: 0) | 200 OK [http://localhost/]


Processing ApplicationController#index (for 127.0.0.1 at 2010-11-19 09:21:14) [GET]

ActionController::RoutingError (No route matches "/stylesheets/images/ui-bg_glass_100_fdf5ce_1x400.png" with {:method=>:get}):
  haml (3.0.15) rails/./lib/sass/plugin/rack.rb:41:in `call'

Rendering rescues/layout (not_found)


Processing ApplicationController#index (for 127.0.0.1 at 2010-11-19 09:21:14) [GET]

ActionController::RoutingError (No route matches "/stylesheets/images/ui-bg_glass_100_fdf5ce_1x400.png" with {:method=>:get}):
  haml (3.0.15) rails/./lib/sass/plugin/rack.rb:41:in `call'

Rendering rescues/layout (not_found)


Processing HomeController#index (for 127.0.0.1 at 2010-11-19 09:22:19) [GET]
Rendering template within layouts/application
Rendering home/index
Completed in 4ms (View: 2, DB: 0) | 200 OK [http://localhost/]
